This file contains any messages produced by compilers while
running configure, to aid debugging if configure makes a mistake.

It was created by configure, which was
generated by GNU Autoconf 2.60.  Invocation command line was

  $ ./configure --prefix=/home/ec7987/temp/minigui/release --build=x86_64-linux --host=ppc-unknown-linux --target=ppc-unknown-linux

## --------- ##
## Platform. ##
## --------- ##

hostname = cncdebaobs10.emrsn.org
uname -m = i686
uname -r = 2.6.9-55.ELsmp
uname -s = Linux
uname -v = #1 SMP Fri Apr 20 17:03:35 EDT 2007

/usr/bin/uname -p = unknown
/bin/uname -X     = unknown

/bin/arch              = i686
/usr/bin/arch -k       = unknown
/usr/convex/getsysinfo = unknown
/usr/bin/hostinfo      = unknown
/bin/machine           = unknown
/usr/bin/oslevel       = unknown
/bin/universe          = unknown

PATH: /usr/kerberos/bin
PATH: /usr/local/bin
PATH: /bin
PATH: /usr/bin
PATH: /usr/X11R6/bin
PATH: /usr/atria/bin
PATH: /sbin
PATH: /usr/atria/bin
PATH: /sbin


## ----------- ##
## Core tests. ##
## ----------- ##

configure:1773: checking build system type
configure:1791: result: x86_64-pc-linux-gnu
configure:1813: checking host system type
configure:1828: result: powerpc-unknown-linux-gnu
configure:1850: checking target system type
configure:1865: result: powerpc-unknown-linux-gnu
configure:1894: checking whether make sets $(MAKE)
configure:1915: result: yes
configure:1932: checking for ppc-unknown-linux-gcc
configure:1959: result: /opt/freescale-p2020/usr/local/gcc-4.3.74-eglibc-2.8.74-dp-2/powerpc-none-linux-gnuspe/bin/powerpc-none-linux-gnuspe-gcc
configure:2237: checking for C compiler version
configure:2244: /opt/freescale-p2020/usr/local/gcc-4.3.74-eglibc-2.8.74-dp-2/powerpc-none-linux-gnuspe/bin/powerpc-none-linux-gnuspe-gcc --version >&5
powerpc-none-linux-gnuspe-gcc (GCC) 4.3.2
Copyright (C) 2008 Free Software Foundation, Inc.
This is free software; see the source for copying conditions.  There is NO
warranty; not even for MERCHANTABILITY or FITNESS FOR A PARTICULAR PURPOSE.

configure:2247: $? = 0
configure:2254: /opt/freescale-p2020/usr/local/gcc-4.3.74-eglibc-2.8.74-dp-2/powerpc-none-linux-gnuspe/bin/powerpc-none-linux-gnuspe-gcc -v >&5
Using built-in specs.
Target: powerpc-none-linux-gnuspe
Configured with: ../gcc-4.3.2/configure --target=powerpc-none-linux-gnuspe --host=i686-pc-linux-gnu --prefix=/opt/freescale/usr/local/gcc-4.3.74-eglibc-2.8.74-dp-2/powerpc-none-linux-gnuspe --with-sysroot=/opt/freescale/usr/local/gcc-4.3.74-eglibc-2.8.74-dp-2/powerpc-none-linux-gnuspe/powerpc-none-linux-gnuspe/libc --disable-libssp --disable-libmudflap --disable-libstdcxx-pch --enable-libgomp --enable-shared --enable-threads --enable-languages=c,c++ --with-gmp=/usr/src/redhat/BUILD/csl-tc-4.3.74/host-libs/usr --with-mpfr=/usr/src/redhat/BUILD/csl-tc-4.3.74/host-libs/usr --with-cpu=8548 --with-gnu-as --with-gnu-ld --enable-symvers=gnu --enable-__cxa_atexit --enable-cxx-flags=-mcpu=8548 --disable-multilib --with-long-double-128 --disable-nls --enable-e500_double
Thread model: posix
gcc version 4.3.2 (GCC) 
configure:2257: $? = 0
configure:2264: /opt/freescale-p2020/usr/local/gcc-4.3.74-eglibc-2.8.74-dp-2/powerpc-none-linux-gnuspe/bin/powerpc-none-linux-gnuspe-gcc -V >&5
powerpc-none-linux-gnuspe-gcc: '-V' option must have argument
configure:2267: $? = 1
configure:2290: checking for C compiler default output file name
configure:2317: /opt/freescale-p2020/usr/local/gcc-4.3.74-eglibc-2.8.74-dp-2/powerpc-none-linux-gnuspe/bin/powerpc-none-linux-gnuspe-gcc    conftest.c  >&5
configure:2320: $? = 0
configure:2366: result: a.out
configure:2371: checking whether the C compiler works
configure:2401: result: yes
configure:2408: checking whether we are cross compiling
configure:2410: result: yes
configure:2413: checking for suffix of executables
configure:2420: /opt/freescale-p2020/usr/local/gcc-4.3.74-eglibc-2.8.74-dp-2/powerpc-none-linux-gnuspe/bin/powerpc-none-linux-gnuspe-gcc -o conftest    conftest.c  >&5
configure:2423: $? = 0
configure:2447: result: 
configure:2453: checking for suffix of object files
configure:2479: /opt/freescale-p2020/usr/local/gcc-4.3.74-eglibc-2.8.74-dp-2/powerpc-none-linux-gnuspe/bin/powerpc-none-linux-gnuspe-gcc -c   conftest.c >&5
configure:2482: $? = 0
configure:2505: result: o
configure:2509: checking whether we are using the GNU C compiler
configure:2538: /opt/freescale-p2020/usr/local/gcc-4.3.74-eglibc-2.8.74-dp-2/powerpc-none-linux-gnuspe/bin/powerpc-none-linux-gnuspe-gcc -c   conftest.c >&5
configure:2544: $? = 0
configure:2551: test -z "$ac_c_werror_flag" || test ! -s conftest.err
configure:2554: $? = 0
configure:2561: test -s conftest.o
configure:2564: $? = 0
configure:2578: result: yes
configure:2583: checking whether /opt/freescale-p2020/usr/local/gcc-4.3.74-eglibc-2.8.74-dp-2/powerpc-none-linux-gnuspe/bin/powerpc-none-linux-gnuspe-gcc accepts -g
configure:2613: /opt/freescale-p2020/usr/local/gcc-4.3.74-eglibc-2.8.74-dp-2/powerpc-none-linux-gnuspe/bin/powerpc-none-linux-gnuspe-gcc -c -g  conftest.c >&5
configure:2619: $? = 0
configure:2626: test -z "$ac_c_werror_flag" || test ! -s conftest.err
configure:2629: $? = 0
configure:2636: test -s conftest.o
configure:2639: $? = 0
configure:2769: result: yes
configure:2786: checking for /opt/freescale-p2020/usr/local/gcc-4.3.74-eglibc-2.8.74-dp-2/powerpc-none-linux-gnuspe/bin/powerpc-none-linux-gnuspe-gcc option to accept ISO C89
configure:2860: /opt/freescale-p2020/usr/local/gcc-4.3.74-eglibc-2.8.74-dp-2/powerpc-none-linux-gnuspe/bin/powerpc-none-linux-gnuspe-gcc  -c -g -O2  conftest.c >&5
configure:2866: $? = 0
configure:2873: test -z "$ac_c_werror_flag" || test ! -s conftest.err
configure:2876: $? = 0
configure:2883: test -s conftest.o
configure:2886: $? = 0
configure:2906: result: none needed
configure:2939: checking for a BSD-compatible install
configure:2995: result: /usr/bin/install -c
configure:3006: checking whether build environment is sane
configure:3049: result: yes
configure:3114: checking for gawk
configure:3130: found /bin/gawk
configure:3141: result: gawk
configure:3173: checking for style of include used by make
configure:3201: result: GNU
configure:3284: checking for ppc-unknown-linux-strip
configure:3311: result: /opt/freescale-p2020/usr/local/gcc-4.3.74-eglibc-2.8.74-dp-2/powerpc-none-linux-gnuspe/bin/powerpc-none-linux-gnuspe-strip
configure:3393: checking dependency style of /opt/freescale-p2020/usr/local/gcc-4.3.74-eglibc-2.8.74-dp-2/powerpc-none-linux-gnuspe/bin/powerpc-none-linux-gnuspe-gcc
configure:3483: result: gcc3
configure:3503: checking for an ANSI C-conforming const
configure:3578: /opt/freescale-p2020/usr/local/gcc-4.3.74-eglibc-2.8.74-dp-2/powerpc-none-linux-gnuspe/bin/powerpc-none-linux-gnuspe-gcc -c -g -O2  conftest.c >&5
configure:3584: $? = 0
configure:3591: test -z "$ac_c_werror_flag" || test ! -s conftest.err
configure:3594: $? = 0
configure:3601: test -s conftest.o
configure:3604: $? = 0
configure:3616: result: yes
configure:3632: checking how to run the C preprocessor
configure:3762: result: /opt/freescale-p2020/usr/local/gcc-4.3.74-eglibc-2.8.74-dp-2/powerpc-none-linux-gnuspe/bin/powerpc-none-linux-gnuspe-cpp
configure:3791: /opt/freescale-p2020/usr/local/gcc-4.3.74-eglibc-2.8.74-dp-2/powerpc-none-linux-gnuspe/bin/powerpc-none-linux-gnuspe-cpp  conftest.c
configure:3797: $? = 0
configure:3835: /opt/freescale-p2020/usr/local/gcc-4.3.74-eglibc-2.8.74-dp-2/powerpc-none-linux-gnuspe/bin/powerpc-none-linux-gnuspe-cpp  conftest.c
conftest.c:10:28: error: ac_nonexistent.h: No such file or directory
configure:3841: $? = 1
configure: failed program was:
| /* confdefs.h.  */
| #define PACKAGE_NAME ""
| #define PACKAGE_TARNAME ""
| #define PACKAGE_VERSION ""
| #define PACKAGE_STRING ""
| #define PACKAGE_BUGREPORT ""
| #define PACKAGE "mg-samples"
| #define VERSION "1.6.10"
| /* end confdefs.h.  */
| #include <ac_nonexistent.h>
configure:3886: checking for grep that handles long lines and -e
configure:3960: result: /bin/grep
configure:3965: checking for egrep
configure:4043: result: /bin/grep -E
configure:4048: checking for ANSI C header files
configure:4078: /opt/freescale-p2020/usr/local/gcc-4.3.74-eglibc-2.8.74-dp-2/powerpc-none-linux-gnuspe/bin/powerpc-none-linux-gnuspe-gcc -c -g -O2  conftest.c >&5
configure:4084: $? = 0
configure:4091: test -z "$ac_c_werror_flag" || test ! -s conftest.err
configure:4094: $? = 0
configure:4101: test -s conftest.o
configure:4104: $? = 0
configure:4229: result: yes
configure:4239: checking for sys/wait.h that is POSIX.1 compatible
configure:4275: /opt/freescale-p2020/usr/local/gcc-4.3.74-eglibc-2.8.74-dp-2/powerpc-none-linux-gnuspe/bin/powerpc-none-linux-gnuspe-gcc -c -g -O2  conftest.c >&5
configure:4281: $? = 0
configure:4288: test -z "$ac_c_werror_flag" || test ! -s conftest.err
configure:4291: $? = 0
configure:4298: test -s conftest.o
configure:4301: $? = 0
configure:4313: result: yes
configure:4323: checking whether time.h and sys/time.h may both be included
configure:4353: /opt/freescale-p2020/usr/local/gcc-4.3.74-eglibc-2.8.74-dp-2/powerpc-none-linux-gnuspe/bin/powerpc-none-linux-gnuspe-gcc -c -g -O2  conftest.c >&5
configure:4359: $? = 0
configure:4366: test -z "$ac_c_werror_flag" || test ! -s conftest.err
configure:4369: $? = 0
configure:4376: test -s conftest.o
configure:4379: $? = 0
configure:4391: result: yes
configure:4415: checking for sys/types.h
configure:4436: /opt/freescale-p2020/usr/local/gcc-4.3.74-eglibc-2.8.74-dp-2/powerpc-none-linux-gnuspe/bin/powerpc-none-linux-gnuspe-gcc -c -g -O2  conftest.c >&5
configure:4442: $? = 0
configure:4449: test -z "$ac_c_werror_flag" || test ! -s conftest.err
configure:4452: $? = 0
configure:4459: test -s conftest.o
configure:4462: $? = 0
configure:4475: result: yes
configure:4415: checking for sys/stat.h
configure:4436: /opt/freescale-p2020/usr/local/gcc-4.3.74-eglibc-2.8.74-dp-2/powerpc-none-linux-gnuspe/bin/powerpc-none-linux-gnuspe-gcc -c -g -O2  conftest.c >&5
configure:4442: $? = 0
configure:4449: test -z "$ac_c_werror_flag" || test ! -s conftest.err
configure:4452: $? = 0
configure:4459: test -s conftest.o
configure:4462: $? = 0
configure:4475: result: yes
configure:4415: checking for stdlib.h
configure:4436: /opt/freescale-p2020/usr/local/gcc-4.3.74-eglibc-2.8.74-dp-2/powerpc-none-linux-gnuspe/bin/powerpc-none-linux-gnuspe-gcc -c -g -O2  conftest.c >&5
configure:4442: $? = 0
configure:4449: test -z "$ac_c_werror_flag" || test ! -s conftest.err
configure:4452: $? = 0
configure:4459: test -s conftest.o
configure:4462: $? = 0
configure:4475: result: yes
configure:4415: checking for string.h
configure:4436: /opt/freescale-p2020/usr/local/gcc-4.3.74-eglibc-2.8.74-dp-2/powerpc-none-linux-gnuspe/bin/powerpc-none-linux-gnuspe-gcc -c -g -O2  conftest.c >&5
configure:4442: $? = 0
configure:4449: test -z "$ac_c_werror_flag" || test ! -s conftest.err
configure:4452: $? = 0
configure:4459: test -s conftest.o
configure:4462: $? = 0
configure:4475: result: yes
configure:4415: checking for memory.h
configure:4436: /opt/freescale-p2020/usr/local/gcc-4.3.74-eglibc-2.8.74-dp-2/powerpc-none-linux-gnuspe/bin/powerpc-none-linux-gnuspe-gcc -c -g -O2  conftest.c >&5
configure:4442: $? = 0
configure:4449: test -z "$ac_c_werror_flag" || test ! -s conftest.err
configure:4452: $? = 0
configure:4459: test -s conftest.o
configure:4462: $? = 0
configure:4475: result: yes
configure:4415: checking for strings.h
configure:4436: /opt/freescale-p2020/usr/local/gcc-4.3.74-eglibc-2.8.74-dp-2/powerpc-none-linux-gnuspe/bin/powerpc-none-linux-gnuspe-gcc -c -g -O2  conftest.c >&5
configure:4442: $? = 0
configure:4449: test -z "$ac_c_werror_flag" || test ! -s conftest.err
configure:4452: $? = 0
configure:4459: test -s conftest.o
configure:4462: $? = 0
configure:4475: result: yes
configure:4415: checking for inttypes.h
configure:4436: /opt/freescale-p2020/usr/local/gcc-4.3.74-eglibc-2.8.74-dp-2/powerpc-none-linux-gnuspe/bin/powerpc-none-linux-gnuspe-gcc -c -g -O2  conftest.c >&5
configure:4442: $? = 0
configure:4449: test -z "$ac_c_werror_flag" || test ! -s conftest.err
configure:4452: $? = 0
configure:4459: test -s conftest.o
configure:4462: $? = 0
configure:4475: result: yes
configure:4415: checking for stdint.h
configure:4436: /opt/freescale-p2020/usr/local/gcc-4.3.74-eglibc-2.8.74-dp-2/powerpc-none-linux-gnuspe/bin/powerpc-none-linux-gnuspe-gcc -c -g -O2  conftest.c >&5
configure:4442: $? = 0
configure:4449: test -z "$ac_c_werror_flag" || test ! -s conftest.err
configure:4452: $? = 0
configure:4459: test -s conftest.o
configure:4462: $? = 0
configure:4475: result: yes
configure:4415: checking for unistd.h
configure:4436: /opt/freescale-p2020/usr/local/gcc-4.3.74-eglibc-2.8.74-dp-2/powerpc-none-linux-gnuspe/bin/powerpc-none-linux-gnuspe-gcc -c -g -O2  conftest.c >&5
configure:4442: $? = 0
configure:4449: test -z "$ac_c_werror_flag" || test ! -s conftest.err
configure:4452: $? = 0
configure:4459: test -s conftest.o
configure:4462: $? = 0
configure:4475: result: yes
configure:4503: checking sys/time.h usability
configure:4520: /opt/freescale-p2020/usr/local/gcc-4.3.74-eglibc-2.8.74-dp-2/powerpc-none-linux-gnuspe/bin/powerpc-none-linux-gnuspe-gcc -c -g -O2  conftest.c >&5
configure:4526: $? = 0
configure:4533: test -z "$ac_c_werror_flag" || test ! -s conftest.err
configure:4536: $? = 0
configure:4543: test -s conftest.o
configure:4546: $? = 0
configure:4557: result: yes
configure:4561: checking sys/time.h presence
configure:4576: /opt/freescale-p2020/usr/local/gcc-4.3.74-eglibc-2.8.74-dp-2/powerpc-none-linux-gnuspe/bin/powerpc-none-linux-gnuspe-cpp  conftest.c
configure:4582: $? = 0
configure:4603: result: yes
configure:4631: checking for sys/time.h
configure:4639: result: yes
configure:4493: checking for unistd.h
configure:4499: result: yes
configure:4669: checking minigui/common.h usability
configure:4686: /opt/freescale-p2020/usr/local/gcc-4.3.74-eglibc-2.8.74-dp-2/powerpc-none-linux-gnuspe/bin/powerpc-none-linux-gnuspe-gcc -c -g -O2  conftest.c >&5
conftest.c:57:28: error: minigui/common.h: No such file or directory
configure:4692: $? = 1
configure: failed program was:
| /* confdefs.h.  */
| #define PACKAGE_NAME ""
| #define PACKAGE_TARNAME ""
| #define PACKAGE_VERSION ""
| #define PACKAGE_STRING ""
| #define PACKAGE_BUGREPORT ""
| #define PACKAGE "mg-samples"
| #define VERSION "1.6.10"
| #define STDC_HEADERS 1
| #define HAVE_SYS_WAIT_H 1
| #define TIME_WITH_SYS_TIME 1
| #define HAVE_SYS_TYPES_H 1
| #define HAVE_SYS_STAT_H 1
| #define HAVE_STDLIB_H 1
| #define HAVE_STRING_H 1
| #define HAVE_MEMORY_H 1
| #define HAVE_STRINGS_H 1
| #define HAVE_INTTYPES_H 1
| #define HAVE_STDINT_H 1
| #define HAVE_UNISTD_H 1
| #define HAVE_SYS_TIME_H 1
| #define HAVE_UNISTD_H 1
| /* end confdefs.h.  */
| #include <stdio.h>
| #if HAVE_SYS_TYPES_H
| # include <sys/types.h>
| #endif
| #if HAVE_SYS_STAT_H
| # include <sys/stat.h>
| #endif
| #if STDC_HEADERS
| # include <stdlib.h>
| # include <stddef.h>
| #else
| # if HAVE_STDLIB_H
| #  include <stdlib.h>
| # endif
| #endif
| #if HAVE_STRING_H
| # if !STDC_HEADERS && HAVE_MEMORY_H
| #  include <memory.h>
| # endif
| # include <string.h>
| #endif
| #if HAVE_STRINGS_H
| # include <strings.h>
| #endif
| #if HAVE_INTTYPES_H
| # include <inttypes.h>
| #endif
| #if HAVE_STDINT_H
| # include <stdint.h>
| #endif
| #if HAVE_UNISTD_H
| # include <unistd.h>
| #endif
| #include <minigui/common.h>
configure:4723: result: no
configure:4727: checking minigui/common.h presence
configure:4742: /opt/freescale-p2020/usr/local/gcc-4.3.74-eglibc-2.8.74-dp-2/powerpc-none-linux-gnuspe/bin/powerpc-none-linux-gnuspe-cpp  conftest.c
conftest.c:24:28: error: minigui/common.h: No such file or directory
configure:4748: $? = 1
configure: failed program was:
| /* confdefs.h.  */
| #define PACKAGE_NAME ""
| #define PACKAGE_TARNAME ""
| #define PACKAGE_VERSION ""
| #define PACKAGE_STRING ""
| #define PACKAGE_BUGREPORT ""
| #define PACKAGE "mg-samples"
| #define VERSION "1.6.10"
| #define STDC_HEADERS 1
| #define HAVE_SYS_WAIT_H 1
| #define TIME_WITH_SYS_TIME 1
| #define HAVE_SYS_TYPES_H 1
| #define HAVE_SYS_STAT_H 1
| #define HAVE_STDLIB_H 1
| #define HAVE_STRING_H 1
| #define HAVE_MEMORY_H 1
| #define HAVE_STRINGS_H 1
| #define HAVE_INTTYPES_H 1
| #define HAVE_STDINT_H 1
| #define HAVE_UNISTD_H 1
| #define HAVE_SYS_TIME_H 1
| #define HAVE_UNISTD_H 1
| /* end confdefs.h.  */
| #include <minigui/common.h>
configure:4769: result: no
configure:4797: checking for minigui/common.h
configure:4805: result: no
configure:4822: checking whether __NOUNIX__ is declared
configure:4852: /opt/freescale-p2020/usr/local/gcc-4.3.74-eglibc-2.8.74-dp-2/powerpc-none-linux-gnuspe/bin/powerpc-none-linux-gnuspe-gcc -c -g -O2  conftest.c >&5
conftest.c: In function 'main':
conftest.c:61: error: '__NOUNIX__' undeclared (first use in this function)
conftest.c:61: error: (Each undeclared identifier is reported only once
conftest.c:61: error: for each function it appears in.)
configure:4858: $? = 1
configure: failed program was:
| /* confdefs.h.  */
| #define PACKAGE_NAME ""
| #define PACKAGE_TARNAME ""
| #define PACKAGE_VERSION ""
| #define PACKAGE_STRING ""
| #define PACKAGE_BUGREPORT ""
| #define PACKAGE "mg-samples"
| #define VERSION "1.6.10"
| #define STDC_HEADERS 1
| #define HAVE_SYS_WAIT_H 1
| #define TIME_WITH_SYS_TIME 1
| #define HAVE_SYS_TYPES_H 1
| #define HAVE_SYS_STAT_H 1
| #define HAVE_STDLIB_H 1
| #define HAVE_STRING_H 1
| #define HAVE_MEMORY_H 1
| #define HAVE_STRINGS_H 1
| #define HAVE_INTTYPES_H 1
| #define HAVE_STDINT_H 1
| #define HAVE_UNISTD_H 1
| #define HAVE_SYS_TIME_H 1
| #define HAVE_UNISTD_H 1
| /* end confdefs.h.  */
| #include <stdio.h>
| #if HAVE_SYS_TYPES_H
| # include <sys/types.h>
| #endif
| #if HAVE_SYS_STAT_H
| # include <sys/stat.h>
| #endif
| #if STDC_HEADERS
| # include <stdlib.h>
| # include <stddef.h>
| #else
| # if HAVE_STDLIB_H
| #  include <stdlib.h>
| # endif
| #endif
| #if HAVE_STRING_H
| # if !STDC_HEADERS && HAVE_MEMORY_H
| #  include <memory.h>
| # endif
| # include <string.h>
| #endif
| #if HAVE_STRINGS_H
| # include <strings.h>
| #endif
| #if HAVE_INTTYPES_H
| # include <inttypes.h>
| #endif
| #if HAVE_STDINT_H
| # include <stdint.h>
| #endif
| #if HAVE_UNISTD_H
| # include <unistd.h>
| #endif
| int
| main ()
| {
| #ifndef __NOUNIX__
|   char *p = (char *) __NOUNIX__;
|   return !p;
| #endif
| 
|   ;
|   return 0;
| }
configure:4890: result: no
configure:4910: checking whether _MGRM_THREADS is declared
configure:4941: /opt/freescale-p2020/usr/local/gcc-4.3.74-eglibc-2.8.74-dp-2/powerpc-none-linux-gnuspe/bin/powerpc-none-linux-gnuspe-gcc -c -g -O2  conftest.c >&5
conftest.c:25:28: error: minigui/common.h: No such file or directory
conftest.c: In function 'main':
conftest.c:31: error: '_MGRM_THREADS' undeclared (first use in this function)
conftest.c:31: error: (Each undeclared identifier is reported only once
conftest.c:31: error: for each function it appears in.)
configure:4947: $? = 1
configure: failed program was:
| /* confdefs.h.  */
| #define PACKAGE_NAME ""
| #define PACKAGE_TARNAME ""
| #define PACKAGE_VERSION ""
| #define PACKAGE_STRING ""
| #define PACKAGE_BUGREPORT ""
| #define PACKAGE "mg-samples"
| #define VERSION "1.6.10"
| #define STDC_HEADERS 1
| #define HAVE_SYS_WAIT_H 1
| #define TIME_WITH_SYS_TIME 1
| #define HAVE_SYS_TYPES_H 1
| #define HAVE_SYS_STAT_H 1
| #define HAVE_STDLIB_H 1
| #define HAVE_STRING_H 1
| #define HAVE_MEMORY_H 1
| #define HAVE_STRINGS_H 1
| #define HAVE_INTTYPES_H 1
| #define HAVE_STDINT_H 1
| #define HAVE_UNISTD_H 1
| #define HAVE_SYS_TIME_H 1
| #define HAVE_UNISTD_H 1
| #define HAVE_DECL___NOUNIX__ 0
| /* end confdefs.h.  */
| #include <minigui/common.h>
| 
| int
| main ()
| {
| #ifndef _MGRM_THREADS
|   char *p = (char *) _MGRM_THREADS;
|   return !p;
| #endif
| 
|   ;
|   return 0;
| }
configure:4979: result: no
configure:4999: checking whether _MGRM_PROCESSES is declared
configure:5030: /opt/freescale-p2020/usr/local/gcc-4.3.74-eglibc-2.8.74-dp-2/powerpc-none-linux-gnuspe/bin/powerpc-none-linux-gnuspe-gcc -c -g -O2  conftest.c >&5
conftest.c:26:28: error: minigui/common.h: No such file or directory
conftest.c: In function 'main':
conftest.c:32: error: '_MGRM_PROCESSES' undeclared (first use in this function)
conftest.c:32: error: (Each undeclared identifier is reported only once
conftest.c:32: error: for each function it appears in.)
configure:5036: $? = 1
configure: failed program was:
| /* confdefs.h.  */
| #define PACKAGE_NAME ""
| #define PACKAGE_TARNAME ""
| #define PACKAGE_VERSION ""
| #define PACKAGE_STRING ""
| #define PACKAGE_BUGREPORT ""
| #define PACKAGE "mg-samples"
| #define VERSION "1.6.10"
| #define STDC_HEADERS 1
| #define HAVE_SYS_WAIT_H 1
| #define TIME_WITH_SYS_TIME 1
| #define HAVE_SYS_TYPES_H 1
| #define HAVE_SYS_STAT_H 1
| #define HAVE_STDLIB_H 1
| #define HAVE_STRING_H 1
| #define HAVE_MEMORY_H 1
| #define HAVE_STRINGS_H 1
| #define HAVE_INTTYPES_H 1
| #define HAVE_STDINT_H 1
| #define HAVE_UNISTD_H 1
| #define HAVE_SYS_TIME_H 1
| #define HAVE_UNISTD_H 1
| #define HAVE_DECL___NOUNIX__ 0
| #define HAVE_DECL__MGRM_THREADS 0
| /* end confdefs.h.  */
| #include <minigui/common.h>
| 
| int
| main ()
| {
| #ifndef _MGRM_PROCESSES
|   char *p = (char *) _MGRM_PROCESSES;
|   return !p;
| #endif
| 
|   ;
|   return 0;
| }
configure:5068: result: no
configure:5088: checking whether _MGRM_STANDALONE is declared
configure:5119: /opt/freescale-p2020/usr/local/gcc-4.3.74-eglibc-2.8.74-dp-2/powerpc-none-linux-gnuspe/bin/powerpc-none-linux-gnuspe-gcc -c -g -O2  conftest.c >&5
conftest.c:27:28: error: minigui/common.h: No such file or directory
conftest.c: In function 'main':
conftest.c:33: error: '_MGRM_STANDALONE' undeclared (first use in this function)
conftest.c:33: error: (Each undeclared identifier is reported only once
conftest.c:33: error: for each function it appears in.)
configure:5125: $? = 1
configure: failed program was:
| /* confdefs.h.  */
| #define PACKAGE_NAME ""
| #define PACKAGE_TARNAME ""
| #define PACKAGE_VERSION ""
| #define PACKAGE_STRING ""
| #define PACKAGE_BUGREPORT ""
| #define PACKAGE "mg-samples"
| #define VERSION "1.6.10"
| #define STDC_HEADERS 1
| #define HAVE_SYS_WAIT_H 1
| #define TIME_WITH_SYS_TIME 1
| #define HAVE_SYS_TYPES_H 1
| #define HAVE_SYS_STAT_H 1
| #define HAVE_STDLIB_H 1
| #define HAVE_STRING_H 1
| #define HAVE_MEMORY_H 1
| #define HAVE_STRINGS_H 1
| #define HAVE_INTTYPES_H 1
| #define HAVE_STDINT_H 1
| #define HAVE_UNISTD_H 1
| #define HAVE_SYS_TIME_H 1
| #define HAVE_UNISTD_H 1
| #define HAVE_DECL___NOUNIX__ 0
| #define HAVE_DECL__MGRM_THREADS 0
| #define HAVE_DECL__MGRM_PROCESSES 0
| /* end confdefs.h.  */
| #include <minigui/common.h>
| 
| int
| main ()
| {
| #ifndef _MGRM_STANDALONE
|   char *p = (char *) _MGRM_STANDALONE;
|   return !p;
| #endif
| 
|   ;
|   return 0;
| }
configure:5157: result: no
configure:5177: checking whether _USE_NEWGAL is declared
configure:5208: /opt/freescale-p2020/usr/local/gcc-4.3.74-eglibc-2.8.74-dp-2/powerpc-none-linux-gnuspe/bin/powerpc-none-linux-gnuspe-gcc -c -g -O2  conftest.c >&5
conftest.c:28:28: error: minigui/common.h: No such file or directory
conftest.c: In function 'main':
conftest.c:34: error: '_USE_NEWGAL' undeclared (first use in this function)
conftest.c:34: error: (Each undeclared identifier is reported only once
conftest.c:34: error: for each function it appears in.)
configure:5214: $? = 1
configure: failed program was:
| /* confdefs.h.  */
| #define PACKAGE_NAME ""
| #define PACKAGE_TARNAME ""
| #define PACKAGE_VERSION ""
| #define PACKAGE_STRING ""
| #define PACKAGE_BUGREPORT ""
| #define PACKAGE "mg-samples"
| #define VERSION "1.6.10"
| #define STDC_HEADERS 1
| #define HAVE_SYS_WAIT_H 1
| #define TIME_WITH_SYS_TIME 1
| #define HAVE_SYS_TYPES_H 1
| #define HAVE_SYS_STAT_H 1
| #define HAVE_STDLIB_H 1
| #define HAVE_STRING_H 1
| #define HAVE_MEMORY_H 1
| #define HAVE_STRINGS_H 1
| #define HAVE_INTTYPES_H 1
| #define HAVE_STDINT_H 1
| #define HAVE_UNISTD_H 1
| #define HAVE_SYS_TIME_H 1
| #define HAVE_UNISTD_H 1
| #define HAVE_DECL___NOUNIX__ 0
| #define HAVE_DECL__MGRM_THREADS 0
| #define HAVE_DECL__MGRM_PROCESSES 0
| #define HAVE_DECL__MGRM_STANDALONE 0
| /* end confdefs.h.  */
| #include <minigui/common.h>
| 
| int
| main ()
| {
| #ifndef _USE_NEWGAL
|   char *p = (char *) _USE_NEWGAL;
|   return !p;
| #endif
| 
|   ;
|   return 0;
| }
configure:5246: result: no
configure:5308: checking whether _HAVE_MATH_LIB is declared
configure:5339: /opt/freescale-p2020/usr/local/gcc-4.3.74-eglibc-2.8.74-dp-2/powerpc-none-linux-gnuspe/bin/powerpc-none-linux-gnuspe-gcc -c -g -O2 -Wall -Wstrict-prototypes -pipe  conftest.c >&5
conftest.c:30:28: error: minigui/common.h: No such file or directory
conftest.c:34: warning: function declaration isn't a prototype
conftest.c: In function 'main':
conftest.c:36: error: '_HAVE_MATH_LIB' undeclared (first use in this function)
conftest.c:36: error: (Each undeclared identifier is reported only once
conftest.c:36: error: for each function it appears in.)
configure:5345: $? = 1
configure: failed program was:
| /* confdefs.h.  */
| #define PACKAGE_NAME ""
| #define PACKAGE_TARNAME ""
| #define PACKAGE_VERSION ""
| #define PACKAGE_STRING ""
| #define PACKAGE_BUGREPORT ""
| #define PACKAGE "mg-samples"
| #define VERSION "1.6.10"
| #define STDC_HEADERS 1
| #define HAVE_SYS_WAIT_H 1
| #define TIME_WITH_SYS_TIME 1
| #define HAVE_SYS_TYPES_H 1
| #define HAVE_SYS_STAT_H 1
| #define HAVE_STDLIB_H 1
| #define HAVE_STRING_H 1
| #define HAVE_MEMORY_H 1
| #define HAVE_STRINGS_H 1
| #define HAVE_INTTYPES_H 1
| #define HAVE_STDINT_H 1
| #define HAVE_UNISTD_H 1
| #define HAVE_SYS_TIME_H 1
| #define HAVE_UNISTD_H 1
| #define HAVE_DECL___NOUNIX__ 0
| #define HAVE_DECL__MGRM_THREADS 0
| #define HAVE_DECL__MGRM_PROCESSES 0
| #define HAVE_DECL__MGRM_STANDALONE 0
| #define HAVE_DECL__USE_NEWGAL 0
| #define _LANG_EN 1
| /* end confdefs.h.  */
| #include <minigui/common.h>
| 
| int
| main ()
| {
| #ifndef _HAVE_MATH_LIB
|   char *p = (char *) _HAVE_MATH_LIB;
|   return !p;
| #endif
| 
|   ;
|   return 0;
| }
configure:5377: result: no
configure:5395: checking whether _PNG_FILE_SUPPORT is declared
configure:5426: /opt/freescale-p2020/usr/local/gcc-4.3.74-eglibc-2.8.74-dp-2/powerpc-none-linux-gnuspe/bin/powerpc-none-linux-gnuspe-gcc -c -g -O2 -Wall -Wstrict-prototypes -pipe  conftest.c >&5
conftest.c:31:28: error: minigui/common.h: No such file or directory
conftest.c:35: warning: function declaration isn't a prototype
conftest.c: In function 'main':
conftest.c:37: error: '_PNG_FILE_SUPPORT' undeclared (first use in this function)
conftest.c:37: error: (Each undeclared identifier is reported only once
conftest.c:37: error: for each function it appears in.)
configure:5432: $? = 1
configure: failed program was:
| /* confdefs.h.  */
| #define PACKAGE_NAME ""
| #define PACKAGE_TARNAME ""
| #define PACKAGE_VERSION ""
| #define PACKAGE_STRING ""
| #define PACKAGE_BUGREPORT ""
| #define PACKAGE "mg-samples"
| #define VERSION "1.6.10"
| #define STDC_HEADERS 1
| #define HAVE_SYS_WAIT_H 1
| #define TIME_WITH_SYS_TIME 1
| #define HAVE_SYS_TYPES_H 1
| #define HAVE_SYS_STAT_H 1
| #define HAVE_STDLIB_H 1
| #define HAVE_STRING_H 1
| #define HAVE_MEMORY_H 1
| #define HAVE_STRINGS_H 1
| #define HAVE_INTTYPES_H 1
| #define HAVE_STDINT_H 1
| #define HAVE_UNISTD_H 1
| #define HAVE_SYS_TIME_H 1
| #define HAVE_UNISTD_H 1
| #define HAVE_DECL___NOUNIX__ 0
| #define HAVE_DECL__MGRM_THREADS 0
| #define HAVE_DECL__MGRM_PROCESSES 0
| #define HAVE_DECL__MGRM_STANDALONE 0
| #define HAVE_DECL__USE_NEWGAL 0
| #define _LANG_EN 1
| #define HAVE_DECL__HAVE_MATH_LIB 0
| /* end confdefs.h.  */
| #include <minigui/common.h>
| 
| int
| main ()
| {
| #ifndef _PNG_FILE_SUPPORT
|   char *p = (char *) _PNG_FILE_SUPPORT;
|   return !p;
| #endif
| 
|   ;
|   return 0;
| }
configure:5464: result: no
configure:5482: checking whether _PNG_FILE_SUPPORT is declared
configure:5551: result: no
configure:5569: checking whether _JPG_FILE_SUPPORT is declared
configure:5600: /opt/freescale-p2020/usr/local/gcc-4.3.74-eglibc-2.8.74-dp-2/powerpc-none-linux-gnuspe/bin/powerpc-none-linux-gnuspe-gcc -c -g -O2 -Wall -Wstrict-prototypes -pipe  conftest.c >&5
conftest.c:33:28: error: minigui/common.h: No such file or directory
conftest.c:37: warning: function declaration isn't a prototype
conftest.c: In function 'main':
conftest.c:39: error: '_JPG_FILE_SUPPORT' undeclared (first use in this function)
conftest.c:39: error: (Each undeclared identifier is reported only once
conftest.c:39: error: for each function it appears in.)
configure:5606: $? = 1
configure: failed program was:
| /* confdefs.h.  */
| #define PACKAGE_NAME ""
| #define PACKAGE_TARNAME ""
| #define PACKAGE_VERSION ""
| #define PACKAGE_STRING ""
| #define PACKAGE_BUGREPORT ""
| #define PACKAGE "mg-samples"
| #define VERSION "1.6.10"
| #define STDC_HEADERS 1
| #define HAVE_SYS_WAIT_H 1
| #define TIME_WITH_SYS_TIME 1
| #define HAVE_SYS_TYPES_H 1
| #define HAVE_SYS_STAT_H 1
| #define HAVE_STDLIB_H 1
| #define HAVE_STRING_H 1
| #define HAVE_MEMORY_H 1
| #define HAVE_STRINGS_H 1
| #define HAVE_INTTYPES_H 1
| #define HAVE_STDINT_H 1
| #define HAVE_UNISTD_H 1
| #define HAVE_SYS_TIME_H 1
| #define HAVE_UNISTD_H 1
| #define HAVE_DECL___NOUNIX__ 0
| #define HAVE_DECL__MGRM_THREADS 0
| #define HAVE_DECL__MGRM_PROCESSES 0
| #define HAVE_DECL__MGRM_STANDALONE 0
| #define HAVE_DECL__USE_NEWGAL 0
| #define _LANG_EN 1
| #define HAVE_DECL__HAVE_MATH_LIB 0
| #define HAVE_DECL__PNG_FILE_SUPPORT 0
| #define HAVE_DECL__PNG_FILE_SUPPORT 0
| /* end confdefs.h.  */
| #include <minigui/common.h>
| 
| int
| main ()
| {
| #ifndef _JPG_FILE_SUPPORT
|   char *p = (char *) _JPG_FILE_SUPPORT;
|   return !p;
| #endif
| 
|   ;
|   return 0;
| }
configure:5638: result: no
configure:5656: checking whether _TYPE1_SUPPORT is declared
configure:5687: /opt/freescale-p2020/usr/local/gcc-4.3.74-eglibc-2.8.74-dp-2/powerpc-none-linux-gnuspe/bin/powerpc-none-linux-gnuspe-gcc -c -g -O2 -Wall -Wstrict-prototypes -pipe  conftest.c >&5
conftest.c:34:28: error: minigui/common.h: No such file or directory
conftest.c:38: warning: function declaration isn't a prototype
conftest.c: In function 'main':
conftest.c:40: error: '_TYPE1_SUPPORT' undeclared (first use in this function)
conftest.c:40: error: (Each undeclared identifier is reported only once
conftest.c:40: error: for each function it appears in.)
configure:5693: $? = 1
configure: failed program was:
| /* confdefs.h.  */
| #define PACKAGE_NAME ""
| #define PACKAGE_TARNAME ""
| #define PACKAGE_VERSION ""
| #define PACKAGE_STRING ""
| #define PACKAGE_BUGREPORT ""
| #define PACKAGE "mg-samples"
| #define VERSION "1.6.10"
| #define STDC_HEADERS 1
| #define HAVE_SYS_WAIT_H 1
| #define TIME_WITH_SYS_TIME 1
| #define HAVE_SYS_TYPES_H 1
| #define HAVE_SYS_STAT_H 1
| #define HAVE_STDLIB_H 1
| #define HAVE_STRING_H 1
| #define HAVE_MEMORY_H 1
| #define HAVE_STRINGS_H 1
| #define HAVE_INTTYPES_H 1
| #define HAVE_STDINT_H 1
| #define HAVE_UNISTD_H 1
| #define HAVE_SYS_TIME_H 1
| #define HAVE_UNISTD_H 1
| #define HAVE_DECL___NOUNIX__ 0
| #define HAVE_DECL__MGRM_THREADS 0
| #define HAVE_DECL__MGRM_PROCESSES 0
| #define HAVE_DECL__MGRM_STANDALONE 0
| #define HAVE_DECL__USE_NEWGAL 0
| #define _LANG_EN 1
| #define HAVE_DECL__HAVE_MATH_LIB 0
| #define HAVE_DECL__PNG_FILE_SUPPORT 0
| #define HAVE_DECL__PNG_FILE_SUPPORT 0
| #define HAVE_DECL__JPG_FILE_SUPPORT 0
| /* end confdefs.h.  */
| #include <minigui/common.h>
| 
| int
| main ()
| {
| #ifndef _TYPE1_SUPPORT
|   char *p = (char *) _TYPE1_SUPPORT;
|   return !p;
| #endif
| 
|   ;
|   return 0;
| }
configure:5725: result: no
configure:5743: checking whether _TTF_SUPPORT is declared
configure:5774: /opt/freescale-p2020/usr/local/gcc-4.3.74-eglibc-2.8.74-dp-2/powerpc-none-linux-gnuspe/bin/powerpc-none-linux-gnuspe-gcc -c -g -O2 -Wall -Wstrict-prototypes -pipe  conftest.c >&5
conftest.c:35:28: error: minigui/common.h: No such file or directory
conftest.c:39: warning: function declaration isn't a prototype
conftest.c: In function 'main':
conftest.c:41: error: '_TTF_SUPPORT' undeclared (first use in this function)
conftest.c:41: error: (Each undeclared identifier is reported only once
conftest.c:41: error: for each function it appears in.)
configure:5780: $? = 1
configure: failed program was:
| /* confdefs.h.  */
| #define PACKAGE_NAME ""
| #define PACKAGE_TARNAME ""
| #define PACKAGE_VERSION ""
| #define PACKAGE_STRING ""
| #define PACKAGE_BUGREPORT ""
| #define PACKAGE "mg-samples"
| #define VERSION "1.6.10"
| #define STDC_HEADERS 1
| #define HAVE_SYS_WAIT_H 1
| #define TIME_WITH_SYS_TIME 1
| #define HAVE_SYS_TYPES_H 1
| #define HAVE_SYS_STAT_H 1
| #define HAVE_STDLIB_H 1
| #define HAVE_STRING_H 1
| #define HAVE_MEMORY_H 1
| #define HAVE_STRINGS_H 1
| #define HAVE_INTTYPES_H 1
| #define HAVE_STDINT_H 1
| #define HAVE_UNISTD_H 1
| #define HAVE_SYS_TIME_H 1
| #define HAVE_UNISTD_H 1
| #define HAVE_DECL___NOUNIX__ 0
| #define HAVE_DECL__MGRM_THREADS 0
| #define HAVE_DECL__MGRM_PROCESSES 0
| #define HAVE_DECL__MGRM_STANDALONE 0
| #define HAVE_DECL__USE_NEWGAL 0
| #define _LANG_EN 1
| #define HAVE_DECL__HAVE_MATH_LIB 0
| #define HAVE_DECL__PNG_FILE_SUPPORT 0
| #define HAVE_DECL__PNG_FILE_SUPPORT 0
| #define HAVE_DECL__JPG_FILE_SUPPORT 0
| #define HAVE_DECL__TYPE1_SUPPORT 0
| /* end confdefs.h.  */
| #include <minigui/common.h>
| 
| int
| main ()
| {
| #ifndef _TTF_SUPPORT
|   char *p = (char *) _TTF_SUPPORT;
|   return !p;
| #endif
| 
|   ;
|   return 0;
| }
configure:5812: result: no
configure:5830: checking whether _FT2_SUPPORT is declared
configure:5861: /opt/freescale-p2020/usr/local/gcc-4.3.74-eglibc-2.8.74-dp-2/powerpc-none-linux-gnuspe/bin/powerpc-none-linux-gnuspe-gcc -c -g -O2 -Wall -Wstrict-prototypes -pipe  conftest.c >&5
conftest.c:36:28: error: minigui/common.h: No such file or directory
conftest.c:40: warning: function declaration isn't a prototype
conftest.c: In function 'main':
conftest.c:42: error: '_FT2_SUPPORT' undeclared (first use in this function)
conftest.c:42: error: (Each undeclared identifier is reported only once
conftest.c:42: error: for each function it appears in.)
configure:5867: $? = 1
configure: failed program was:
| /* confdefs.h.  */
| #define PACKAGE_NAME ""
| #define PACKAGE_TARNAME ""
| #define PACKAGE_VERSION ""
| #define PACKAGE_STRING ""
| #define PACKAGE_BUGREPORT ""
| #define PACKAGE "mg-samples"
| #define VERSION "1.6.10"
| #define STDC_HEADERS 1
| #define HAVE_SYS_WAIT_H 1
| #define TIME_WITH_SYS_TIME 1
| #define HAVE_SYS_TYPES_H 1
| #define HAVE_SYS_STAT_H 1
| #define HAVE_STDLIB_H 1
| #define HAVE_STRING_H 1
| #define HAVE_MEMORY_H 1
| #define HAVE_STRINGS_H 1
| #define HAVE_INTTYPES_H 1
| #define HAVE_STDINT_H 1
| #define HAVE_UNISTD_H 1
| #define HAVE_SYS_TIME_H 1
| #define HAVE_UNISTD_H 1
| #define HAVE_DECL___NOUNIX__ 0
| #define HAVE_DECL__MGRM_THREADS 0
| #define HAVE_DECL__MGRM_PROCESSES 0
| #define HAVE_DECL__MGRM_STANDALONE 0
| #define HAVE_DECL__USE_NEWGAL 0
| #define _LANG_EN 1
| #define HAVE_DECL__HAVE_MATH_LIB 0
| #define HAVE_DECL__PNG_FILE_SUPPORT 0
| #define HAVE_DECL__PNG_FILE_SUPPORT 0
| #define HAVE_DECL__JPG_FILE_SUPPORT 0
| #define HAVE_DECL__TYPE1_SUPPORT 0
| #define HAVE_DECL__TTF_SUPPORT 0
| /* end confdefs.h.  */
| #include <minigui/common.h>
| 
| int
| main ()
| {
| #ifndef _FT2_SUPPORT
|   char *p = (char *) _FT2_SUPPORT;
|   return !p;
| #endif
| 
|   ;
|   return 0;
| }
configure:5899: result: no
configure:6150: creating ./config.status

## ---------------------- ##
## Running config.status. ##
## ---------------------- ##

This file was extended by config.status, which was
generated by GNU Autoconf 2.60.  Invocation command line was

  CONFIG_FILES    = 
  CONFIG_HEADERS  = 
  CONFIG_LINKS    = 
  CONFIG_COMMANDS = 
  $ ./config.status 

on cncdebaobs10.emrsn.org

config.status:630: creating Makefile
config.status:630: creating src/Makefile
config.status:630: creating src/res/Makefile
config.status:815: executing depfiles commands
configure:7260: WARNING:
		MiniGUI is not properly installed on the system. You need
        MiniGUI Ver 2.0.0 or later for building this package.
        Please configure and install MiniGUI Ver 2.0.0 first.
    

## ---------------- ##
## Cache variables. ##
## ---------------- ##

ac_cv_build=x86_64-pc-linux-gnu
ac_cv_c_compiler_gnu=yes
ac_cv_c_const=yes
ac_cv_env_CC_set=set
ac_cv_env_CC_value=/opt/freescale-p2020/usr/local/gcc-4.3.74-eglibc-2.8.74-dp-2/powerpc-none-linux-gnuspe/bin/powerpc-none-linux-gnuspe-gcc
ac_cv_env_CFLAGS_set=
ac_cv_env_CFLAGS_value=
ac_cv_env_CPPFLAGS_set=
ac_cv_env_CPPFLAGS_value=
ac_cv_env_CPP_set=set
ac_cv_env_CPP_value=/opt/freescale-p2020/usr/local/gcc-4.3.74-eglibc-2.8.74-dp-2/powerpc-none-linux-gnuspe/bin/powerpc-none-linux-gnuspe-cpp
ac_cv_env_LDFLAGS_set=
ac_cv_env_LDFLAGS_value=
ac_cv_env_build_alias_set=set
ac_cv_env_build_alias_value=x86_64-linux
ac_cv_env_host_alias_set=set
ac_cv_env_host_alias_value=ppc-unknown-linux
ac_cv_env_target_alias_set=set
ac_cv_env_target_alias_value=ppc-unknown-linux
ac_cv_have_decl__FT2_SUPPORT=no
ac_cv_have_decl__HAVE_MATH_LIB=no
ac_cv_have_decl__JPG_FILE_SUPPORT=no
ac_cv_have_decl__MGRM_PROCESSES=no
ac_cv_have_decl__MGRM_STANDALONE=no
ac_cv_have_decl__MGRM_THREADS=no
ac_cv_have_decl__PNG_FILE_SUPPORT=no
ac_cv_have_decl__TTF_SUPPORT=no
ac_cv_have_decl__TYPE1_SUPPORT=no
ac_cv_have_decl__USE_NEWGAL=no
ac_cv_have_decl___NOUNIX__=no
ac_cv_header_inttypes_h=yes
ac_cv_header_memory_h=yes
ac_cv_header_minigui_common_h=no
ac_cv_header_stdc=yes
ac_cv_header_stdint_h=yes
ac_cv_header_stdlib_h=yes
ac_cv_header_string_h=yes
ac_cv_header_strings_h=yes
ac_cv_header_sys_stat_h=yes
ac_cv_header_sys_time_h=yes
ac_cv_header_sys_types_h=yes
ac_cv_header_sys_wait_h=yes
ac_cv_header_time=yes
ac_cv_header_unistd_h=yes
ac_cv_host=powerpc-unknown-linux-gnu
ac_cv_objext=o
ac_cv_path_EGREP='/bin/grep -E'
ac_cv_path_GREP=/bin/grep
ac_cv_path_install='/usr/bin/install -c'
ac_cv_prog_AWK=gawk
ac_cv_prog_CC=/opt/freescale-p2020/usr/local/gcc-4.3.74-eglibc-2.8.74-dp-2/powerpc-none-linux-gnuspe/bin/powerpc-none-linux-gnuspe-gcc
ac_cv_prog_CPP=/opt/freescale-p2020/usr/local/gcc-4.3.74-eglibc-2.8.74-dp-2/powerpc-none-linux-gnuspe/bin/powerpc-none-linux-gnuspe-cpp
ac_cv_prog_STRIP=/opt/freescale-p2020/usr/local/gcc-4.3.74-eglibc-2.8.74-dp-2/powerpc-none-linux-gnuspe/bin/powerpc-none-linux-gnuspe-strip
ac_cv_prog_cc_c89=
ac_cv_prog_cc_g=yes
ac_cv_prog_make_make_set=yes
ac_cv_target=powerpc-unknown-linux-gnu
am_cv_CC_dependencies_compiler_type=gcc3

## ----------------- ##
## Output variables. ##
## ----------------- ##

ACLOCAL='${SHELL} /home/ec7987/percy/minigui/mg-samples-1.6.10/missing --run aclocal-1.9'
AMDEPBACKSLASH='\'
AMDEP_FALSE='#'
AMDEP_TRUE=''
AMTAR='${SHELL} /home/ec7987/percy/minigui/mg-samples-1.6.10/missing --run tar'
AUTOCONF='${SHELL} /home/ec7987/percy/minigui/mg-samples-1.6.10/missing --run autoconf'
AUTOHEADER='${SHELL} /home/ec7987/percy/minigui/mg-samples-1.6.10/missing --run autoheader'
AUTOMAKE='${SHELL} /home/ec7987/percy/minigui/mg-samples-1.6.10/missing --run automake-1.9'
AWK='gawk'
CC='/opt/freescale-p2020/usr/local/gcc-4.3.74-eglibc-2.8.74-dp-2/powerpc-none-linux-gnuspe/bin/powerpc-none-linux-gnuspe-gcc'
CCDEPMODE='depmode=gcc3'
CFLAGS='-g -O2 -Wall -Wstrict-prototypes -pipe'
CPP='/opt/freescale-p2020/usr/local/gcc-4.3.74-eglibc-2.8.74-dp-2/powerpc-none-linux-gnuspe/bin/powerpc-none-linux-gnuspe-cpp'
CPPFLAGS=''
CYGPATH_W='echo'
DEFS='-DPACKAGE_NAME=\"\" -DPACKAGE_TARNAME=\"\" -DPACKAGE_VERSION=\"\" -DPACKAGE_STRING=\"\" -DPACKAGE_BUGREPORT=\"\" -DPACKAGE=\"mg-samples\" -DVERSION=\"1.6.10\" -DSTDC_HEADERS=1 -DHAVE_SYS_WAIT_H=1 -DTIME_WITH_SYS_TIME=1 -DHAVE_SYS_TYPES_H=1 -DHAVE_SYS_STAT_H=1 -DHAVE_STDLIB_H=1 -DHAVE_STRING_H=1 -DHAVE_MEMORY_H=1 -DHAVE_STRINGS_H=1 -DHAVE_INTTYPES_H=1 -DHAVE_STDINT_H=1 -DHAVE_UNISTD_H=1 -DHAVE_SYS_TIME_H=1 -DHAVE_UNISTD_H=1 -DHAVE_DECL___NOUNIX__=0 -DHAVE_DECL__MGRM_THREADS=0 -DHAVE_DECL__MGRM_PROCESSES=0 -DHAVE_DECL__MGRM_STANDALONE=0 -DHAVE_DECL__USE_NEWGAL=0 -D_LANG_EN=1 -DHAVE_DECL__HAVE_MATH_LIB=0 -DHAVE_DECL__PNG_FILE_SUPPORT=0 -DHAVE_DECL__PNG_FILE_SUPPORT=0 -DHAVE_DECL__JPG_FILE_SUPPORT=0 -DHAVE_DECL__TYPE1_SUPPORT=0 -DHAVE_DECL__TTF_SUPPORT=0 -DHAVE_DECL__FT2_SUPPORT=0'
DEPDIR='.deps'
ECHO_C=''
ECHO_N='-n'
ECHO_T=''
EGREP='/bin/grep -E'
EXEEXT=''
GREP='/bin/grep'
INSTALL_DATA='${INSTALL} -m 644'
INSTALL_PROGRAM='${INSTALL}'
INSTALL_SCRIPT='${INSTALL}'
INSTALL_STRIP_PROGRAM='${SHELL} $(install_sh) -c -s'
LDFLAGS=''
LIBOBJS=''
LIBS=' -lminigui'
LTLIBOBJS=''
MAKEINFO='${SHELL} /home/ec7987/percy/minigui/mg-samples-1.6.10/missing --run makeinfo'
MGRM_PROCESSES_FALSE=''
MGRM_PROCESSES_TRUE='#'
MGRM_STANDALONE_FALSE=''
MGRM_STANDALONE_TRUE='#'
MGRM_THREADS_FALSE=''
MGRM_THREADS_TRUE='#'
NOUNIX_FALSE=''
NOUNIX_TRUE='#'
OBJEXT='o'
PACKAGE='mg-samples'
PACKAGE_BUGREPORT=''
PACKAGE_NAME=''
PACKAGE_STRING=''
PACKAGE_TARNAME=''
PACKAGE_VERSION=''
PATH_SEPARATOR=':'
SET_MAKE=''
SHELL='/bin/sh'
STRIP='/opt/freescale-p2020/usr/local/gcc-4.3.74-eglibc-2.8.74-dp-2/powerpc-none-linux-gnuspe/bin/powerpc-none-linux-gnuspe-strip'
USE_NEWGAL_FALSE=''
USE_NEWGAL_TRUE='#'
VERSION='1.6.10'
ac_ct_CC=''
am__fastdepCC_FALSE='#'
am__fastdepCC_TRUE=''
am__include='include'
am__leading_dot='.'
am__quote=''
am__tar='${AMTAR} chof - "$$tardir"'
am__untar='${AMTAR} xf -'
bindir='${exec_prefix}/bin'
build='x86_64-pc-linux-gnu'
build_alias='x86_64-linux'
build_cpu='x86_64'
build_os='linux-gnu'
build_vendor='pc'
datadir='${datarootdir}'
datarootdir='${prefix}/share'
docdir='${datarootdir}/doc/${PACKAGE}'
dvidir='${docdir}'
exec_prefix='${prefix}'
host='powerpc-unknown-linux-gnu'
host_alias='ppc-unknown-linux'
host_cpu='powerpc'
host_os='linux-gnu'
host_vendor='unknown'
htmldir='${docdir}'
includedir='${prefix}/include'
infodir='${datarootdir}/info'
install_sh='/home/ec7987/percy/minigui/mg-samples-1.6.10/install-sh'
libdir='${exec_prefix}/lib'
libexecdir='${exec_prefix}/libexec'
localedir='${datarootdir}/locale'
localstatedir='${prefix}/var'
mandir='${datarootdir}/man'
mkdir_p='mkdir -p --'
oldincludedir='/usr/include'
pdfdir='${docdir}'
prefix='/home/ec7987/temp/minigui/release'
program_transform_name='s&^&ppc-unknown-linux-&'
psdir='${docdir}'
sbindir='${exec_prefix}/sbin'
sharedstatedir='${prefix}/com'
sysconfdir='${prefix}/etc'
target='powerpc-unknown-linux-gnu'
target_alias='ppc-unknown-linux'
target_cpu='powerpc'
target_os='linux-gnu'
target_vendor='unknown'

## ----------- ##
## confdefs.h. ##
## ----------- ##

#define PACKAGE_NAME ""
#define PACKAGE_TARNAME ""
#define PACKAGE_VERSION ""
#define PACKAGE_STRING ""
#define PACKAGE_BUGREPORT ""
#define PACKAGE "mg-samples"
#define VERSION "1.6.10"
#define STDC_HEADERS 1
#define HAVE_SYS_WAIT_H 1
#define TIME_WITH_SYS_TIME 1
#define HAVE_SYS_TYPES_H 1
#define HAVE_SYS_STAT_H 1
#define HAVE_STDLIB_H 1
#define HAVE_STRING_H 1
#define HAVE_MEMORY_H 1
#define HAVE_STRINGS_H 1
#define HAVE_INTTYPES_H 1
#define HAVE_STDINT_H 1
#define HAVE_UNISTD_H 1
#define HAVE_SYS_TIME_H 1
#define HAVE_UNISTD_H 1
#define HAVE_DECL___NOUNIX__ 0
#define HAVE_DECL__MGRM_THREADS 0
#define HAVE_DECL__MGRM_PROCESSES 0
#define HAVE_DECL__MGRM_STANDALONE 0
#define HAVE_DECL__USE_NEWGAL 0
#define _LANG_EN 1
#define HAVE_DECL__HAVE_MATH_LIB 0
#define HAVE_DECL__PNG_FILE_SUPPORT 0
#define HAVE_DECL__PNG_FILE_SUPPORT 0
#define HAVE_DECL__JPG_FILE_SUPPORT 0
#define HAVE_DECL__TYPE1_SUPPORT 0
#define HAVE_DECL__TTF_SUPPORT 0
#define HAVE_DECL__FT2_SUPPORT 0

configure: exit 0
