This file contains any messages produced by compilers while
running configure, to aid debugging if configure makes a mistake.

It was created by configure, which was
generated by GNU Autoconf 2.61.  Invocation command line was

  $ ./configure --prefix=/usr

## --------- ##
## Platform. ##
## --------- ##

hostname = localhost.localdomain
uname -m = i686
uname -r = 2.6.9-89.ELsmp
uname -s = Linux
uname -v = #1 SMP Mon Apr 20 10:34:33 EDT 2009

/usr/bin/uname -p = unknown
/bin/uname -X     = unknown

/bin/arch              = i686
/usr/bin/arch -k       = unknown
/usr/convex/getsysinfo = unknown
/usr/bin/hostinfo      = unknown
/bin/machine           = unknown
/usr/bin/oslevel       = unknown
/bin/universe          = unknown

PATH: /usr/kerberos/bin
PATH: /usr/local/bin
PATH: /bin
PATH: /usr/bin
PATH: /usr/X11R6/bin
PATH: /home/percy/bin


## ----------- ##
## Core tests. ##
## ----------- ##

configure:1796: checking for a BSD-compatible install
configure:1852: result: /usr/bin/install -c
configure:1863: checking whether build environment is sane
configure:1906: result: yes
configure:1934: checking for a thread-safe mkdir -p
configure:1973: result: /bin/mkdir -p
configure:1986: checking for gawk
configure:2002: found /bin/gawk
configure:2013: result: gawk
configure:2024: checking whether make sets $(MAKE)
configure:2045: result: yes
configure:2236: checking whether to enable maintainer-specific portions of Makefiles
configure:2245: result: no
configure:2267: checking build system type
configure:2285: result: i686-pc-linux-gnu
configure:2307: checking host system type
configure:2322: result: i686-pc-linux-gnu
configure:2393: checking for gcc
configure:2409: found /usr/bin/gcc
configure:2420: result: gcc
configure:2658: checking for C compiler version
configure:2665: gcc --version >&5
gcc (GCC) 3.4.6 20060404 (Red Hat 3.4.6-11)
Copyright (C) 2006 Free Software Foundation, Inc.
This is free software; see the source for copying conditions.  There is NO
warranty; not even for MERCHANTABILITY or FITNESS FOR A PARTICULAR PURPOSE.

configure:2668: $? = 0
configure:2675: gcc -v >&5
Reading specs from /usr/lib/gcc/i386-redhat-linux/3.4.6/specs
Configured with: ../configure --prefix=/usr --mandir=/usr/share/man --infodir=/usr/share/info --enable-shared --enable-threads=posix --disable-checking --with-system-zlib --enable-__cxa_atexit --disable-libunwind-exceptions --enable-java-awt=gtk --host=i386-redhat-linux
Thread model: posix
gcc version 3.4.6 20060404 (Red Hat 3.4.6-11)
configure:2678: $? = 0
configure:2685: gcc -V >&5
gcc: `-V' option must have argument
configure:2688: $? = 1
configure:2711: checking for C compiler default output file name
configure:2738: gcc    conftest.c  >&5
configure:2741: $? = 0
configure:2779: result: a.out
configure:2796: checking whether the C compiler works
configure:2806: ./a.out
configure:2809: $? = 0
configure:2826: result: yes
configure:2833: checking whether we are cross compiling
configure:2835: result: no
configure:2838: checking for suffix of executables
configure:2845: gcc -o conftest    conftest.c  >&5
configure:2848: $? = 0
configure:2872: result: 
configure:2878: checking for suffix of object files
configure:2904: gcc -c   conftest.c >&5
configure:2907: $? = 0
configure:2930: result: o
configure:2934: checking whether we are using the GNU C compiler
configure:2963: gcc -c   conftest.c >&5
configure:2969: $? = 0
configure:2986: result: yes
configure:2991: checking whether gcc accepts -g
configure:3021: gcc -c -g  conftest.c >&5
configure:3027: $? = 0
configure:3126: result: yes
configure:3143: checking for gcc option to accept ISO C89
configure:3217: gcc  -c -g -O2  conftest.c >&5
configure:3223: $? = 0
configure:3246: result: none needed
configure:3275: checking for style of include used by make
configure:3303: result: GNU
configure:3328: checking dependency style of gcc
configure:3419: result: gcc3
configure:3452: checking how to run the C preprocessor
configure:3492: gcc -E  conftest.c
configure:3498: $? = 0
configure:3529: gcc -E  conftest.c
conftest.c:10:28: ac_nonexistent.h: No such file or directory
configure:3535: $? = 1
configure: failed program was:
| /* confdefs.h.  */
| #define PACKAGE_NAME ""
| #define PACKAGE_TARNAME ""
| #define PACKAGE_VERSION ""
| #define PACKAGE_STRING ""
| #define PACKAGE_BUGREPORT ""
| #define PACKAGE "DirectFB-examples"
| #define VERSION "1.0.1"
| /* end confdefs.h.  */
| #include <ac_nonexistent.h>
configure:3568: result: gcc -E
configure:3597: gcc -E  conftest.c
configure:3603: $? = 0
configure:3634: gcc -E  conftest.c
conftest.c:10:28: ac_nonexistent.h: No such file or directory
configure:3640: $? = 1
configure: failed program was:
| /* confdefs.h.  */
| #define PACKAGE_NAME ""
| #define PACKAGE_TARNAME ""
| #define PACKAGE_VERSION ""
| #define PACKAGE_STRING ""
| #define PACKAGE_BUGREPORT ""
| #define PACKAGE "DirectFB-examples"
| #define VERSION "1.0.1"
| /* end confdefs.h.  */
| #include <ac_nonexistent.h>
configure:3678: checking for grep that handles long lines and -e
configure:3752: result: /bin/grep
configure:3757: checking for egrep
configure:3835: result: /bin/grep -E
configure:3840: checking for ANSI C header files
configure:3870: gcc -c -Wall -O3 -pipe   conftest.c >&5
configure:3876: $? = 0
configure:3975: gcc -o conftest -Wall -O3 -pipe    conftest.c  >&5
configure:3978: $? = 0
configure:3984: ./conftest
configure:3987: $? = 0
configure:4004: result: yes
configure:4028: checking for sys/types.h
configure:4049: gcc -c -Wall -O3 -pipe   conftest.c >&5
configure:4055: $? = 0
configure:4071: result: yes
configure:4028: checking for sys/stat.h
configure:4049: gcc -c -Wall -O3 -pipe   conftest.c >&5
configure:4055: $? = 0
configure:4071: result: yes
configure:4028: checking for stdlib.h
configure:4049: gcc -c -Wall -O3 -pipe   conftest.c >&5
configure:4055: $? = 0
configure:4071: result: yes
configure:4028: checking for string.h
configure:4049: gcc -c -Wall -O3 -pipe   conftest.c >&5
configure:4055: $? = 0
configure:4071: result: yes
configure:4028: checking for memory.h
configure:4049: gcc -c -Wall -O3 -pipe   conftest.c >&5
configure:4055: $? = 0
configure:4071: result: yes
configure:4028: checking for strings.h
configure:4049: gcc -c -Wall -O3 -pipe   conftest.c >&5
configure:4055: $? = 0
configure:4071: result: yes
configure:4028: checking for inttypes.h
configure:4049: gcc -c -Wall -O3 -pipe   conftest.c >&5
configure:4055: $? = 0
configure:4071: result: yes
configure:4028: checking for stdint.h
configure:4049: gcc -c -Wall -O3 -pipe   conftest.c >&5
configure:4055: $? = 0
configure:4071: result: yes
configure:4028: checking for unistd.h
configure:4049: gcc -c -Wall -O3 -pipe   conftest.c >&5
configure:4055: $? = 0
configure:4071: result: yes
configure:4098: checking stdbool.h usability
configure:4115: gcc -c -Wall -O3 -pipe   conftest.c >&5
configure:4121: $? = 0
configure:4135: result: yes
configure:4139: checking stdbool.h presence
configure:4154: gcc -E  conftest.c
configure:4160: $? = 0
configure:4174: result: yes
configure:4202: checking for stdbool.h
configure:4210: result: yes
configure:4282: checking for pkg-config
configure:4300: found /usr/bin/pkg-config
configure:4312: result: /usr/bin/pkg-config
configure:4341: checking pkg-config is at least version 0.9.0
configure:4344: result: yes
configure:4355: checking for DIRECTFB
configure:4363: $PKG_CONFIG --exists --print-errors "directfb >= $VERSION"
Package directfb was not found in the pkg-config search path.
Perhaps you should add the directory containing `directfb.pc'
to the PKG_CONFIG_PATH environment variable
No package 'directfb' found
configure:4366: $? = 1
configure:4381: $PKG_CONFIG --exists --print-errors "directfb >= $VERSION"
Package directfb was not found in the pkg-config search path.
Perhaps you should add the directory containing `directfb.pc'
to the PKG_CONFIG_PATH environment variable
No package 'directfb' found
configure:4384: $? = 1

configure:4412: result: no
configure:4416: error: 
*** DirectFB 1.0.1 or newer is required. The latest version
*** of DirectFB is available from http://www.directfb.org/.

## ---------------- ##
## Cache variables. ##
## ---------------- ##

ac_cv_build=i686-pc-linux-gnu
ac_cv_c_compiler_gnu=yes
ac_cv_env_CC_set=
ac_cv_env_CC_value=
ac_cv_env_CFLAGS_set=
ac_cv_env_CFLAGS_value=
ac_cv_env_CPPFLAGS_set=
ac_cv_env_CPPFLAGS_value=
ac_cv_env_CPP_set=
ac_cv_env_CPP_value=
ac_cv_env_DIRECTFB_CFLAGS_set=
ac_cv_env_DIRECTFB_CFLAGS_value=
ac_cv_env_DIRECTFB_LIBS_set=
ac_cv_env_DIRECTFB_LIBS_value=
ac_cv_env_LDFLAGS_set=
ac_cv_env_LDFLAGS_value=
ac_cv_env_LIBS_set=
ac_cv_env_LIBS_value=
ac_cv_env_PKG_CONFIG_set=
ac_cv_env_PKG_CONFIG_value=
ac_cv_env_build_alias_set=
ac_cv_env_build_alias_value=
ac_cv_env_host_alias_set=
ac_cv_env_host_alias_value=
ac_cv_env_target_alias_set=
ac_cv_env_target_alias_value=
ac_cv_header_inttypes_h=yes
ac_cv_header_memory_h=yes
ac_cv_header_stdbool_h=yes
ac_cv_header_stdc=yes
ac_cv_header_stdint_h=yes
ac_cv_header_stdlib_h=yes
ac_cv_header_string_h=yes
ac_cv_header_strings_h=yes
ac_cv_header_sys_stat_h=yes
ac_cv_header_sys_types_h=yes
ac_cv_header_unistd_h=yes
ac_cv_host=i686-pc-linux-gnu
ac_cv_objext=o
ac_cv_path_EGREP='/bin/grep -E'
ac_cv_path_GREP=/bin/grep
ac_cv_path_ac_pt_PKG_CONFIG=/usr/bin/pkg-config
ac_cv_path_install='/usr/bin/install -c'
ac_cv_path_mkdir=/bin/mkdir
ac_cv_prog_AWK=gawk
ac_cv_prog_CPP='gcc -E'
ac_cv_prog_ac_ct_CC=gcc
ac_cv_prog_cc_c89=
ac_cv_prog_cc_g=yes
ac_cv_prog_make_make_set=yes
am_cv_CC_dependencies_compiler_type=gcc3

## ----------------- ##
## Output variables. ##
## ----------------- ##

ACLOCAL='${SHELL} /home/percy/temp/DirectFB-examples-1.0.1/missing --run aclocal-1.10 '
AMDEPBACKSLASH='\'
AMDEP_FALSE='#'
AMDEP_TRUE=''
AMTAR='${SHELL} /home/percy/temp/DirectFB-examples-1.0.1/missing --run tar'
AUTOCONF='${SHELL} /home/percy/temp/DirectFB-examples-1.0.1/missing --run autoconf'
AUTOHEADER='${SHELL} /home/percy/temp/DirectFB-examples-1.0.1/missing --run autoheader'
AUTOMAKE='${SHELL} /home/percy/temp/DirectFB-examples-1.0.1/missing --run automake-1.10'
AWK='gawk'
CC='gcc'
CCDEPMODE='depmode=gcc3'
CFLAGS='-Wall -O3 -pipe '
CPP='gcc -E'
CPPFLAGS=''
CYGPATH_W='echo'
DATADIR=''
DEFS=''
DEPDIR='.deps'
DIRECTFB_CFLAGS=''
DIRECTFB_LIBS=''
ECHO_C=''
ECHO_N='-n'
ECHO_T=''
EGREP='/bin/grep -E'
EXEEXT=''
GREP='/bin/grep'
INSTALL_DATA='${INSTALL} -m 644'
INSTALL_PROGRAM='${INSTALL}'
INSTALL_SCRIPT='${INSTALL}'
INSTALL_STRIP_PROGRAM='$(install_sh) -c -s'
LDFLAGS=''
LIBOBJS=''
LIBS=''
LTLIBOBJS=''
MAINT='#'
MAINTAINER_MODE_FALSE=''
MAINTAINER_MODE_TRUE='#'
MAKEINFO='${SHELL} /home/percy/temp/DirectFB-examples-1.0.1/missing --run makeinfo'
OBJEXT='o'
PACKAGE='DirectFB-examples'
PACKAGE_BUGREPORT=''
PACKAGE_NAME=''
PACKAGE_STRING=''
PACKAGE_TARNAME=''
PACKAGE_VERSION=''
PATH_SEPARATOR=':'
PKG_CONFIG='/usr/bin/pkg-config'
SET_MAKE=''
SHELL='/bin/sh'
STRIP=''
VERSION='1.0.1'
ac_ct_CC='gcc'
am__fastdepCC_FALSE='#'
am__fastdepCC_TRUE=''
am__include='include'
am__isrc=''
am__leading_dot='.'
am__quote=''
am__tar='${AMTAR} chof - "$$tardir"'
am__untar='${AMTAR} xf -'
bindir='${exec_prefix}/bin'
build='i686-pc-linux-gnu'
build_alias=''
build_cpu='i686'
build_os='linux-gnu'
build_vendor='pc'
datadir='${datarootdir}'
datarootdir='${prefix}/share'
docdir='${datarootdir}/doc/${PACKAGE}'
dvidir='${docdir}'
exec_prefix='NONE'
host='i686-pc-linux-gnu'
host_alias=''
host_cpu='i686'
host_os='linux-gnu'
host_vendor='pc'
htmldir='${docdir}'
includedir='${prefix}/include'
infodir='${datarootdir}/info'
install_sh='$(SHELL) /home/percy/temp/DirectFB-examples-1.0.1/install-sh'
libdir='${exec_prefix}/lib'
libexecdir='${exec_prefix}/libexec'
localedir='${datarootdir}/locale'
localstatedir='${prefix}/var'
mandir='${datarootdir}/man'
mkdir_p='/bin/mkdir -p'
oldincludedir='/usr/include'
pdfdir='${docdir}'
prefix='/usr'
program_transform_name='s,x,x,'
psdir='${docdir}'
sbindir='${exec_prefix}/sbin'
sharedstatedir='${prefix}/com'
sysconfdir='${prefix}/etc'
target_alias=''

## ----------- ##
## confdefs.h. ##
## ----------- ##

#define PACKAGE_NAME ""
#define PACKAGE_TARNAME ""
#define PACKAGE_VERSION ""
#define PACKAGE_STRING ""
#define PACKAGE_BUGREPORT ""
#define PACKAGE "DirectFB-examples"
#define VERSION "1.0.1"
#define STDC_HEADERS 1
#define HAVE_SYS_TYPES_H 1
#define HAVE_SYS_STAT_H 1
#define HAVE_STDLIB_H 1
#define HAVE_STRING_H 1
#define HAVE_MEMORY_H 1
#define HAVE_STRINGS_H 1
#define HAVE_INTTYPES_H 1
#define HAVE_STDINT_H 1
#define HAVE_UNISTD_H 1
#define HAVE_STDBOOL_H 1

configure: exit 1
