This file contains any messages produced by compilers while
running configure, to aid debugging if configure makes a mistake.

It was created by configure, which was
generated by GNU Autoconf 2.61.  Invocation command line was

  $ ./configure --prefix=/home/ec7987/temp/minigui/release --build=x86_64-linux --host=ppc-unknown-linux --target=ppc-unknown-linux

## --------- ##
## Platform. ##
## --------- ##

hostname = cncdebaobs10.emrsn.org
uname -m = i686
uname -r = 2.6.9-55.ELsmp
uname -s = Linux
uname -v = #1 SMP Fri Apr 20 17:03:35 EDT 2007

/usr/bin/uname -p = unknown
/bin/uname -X     = unknown

/bin/arch              = i686
/usr/bin/arch -k       = unknown
/usr/convex/getsysinfo = unknown
/usr/bin/hostinfo      = unknown
/bin/machine           = unknown
/usr/bin/oslevel       = unknown
/bin/universe          = unknown

PATH: /usr/kerberos/bin
PATH: /usr/local/bin
PATH: /bin
PATH: /usr/bin
PATH: /usr/X11R6/bin
PATH: /usr/atria/bin
PATH: /sbin
PATH: /usr/atria/bin
PATH: /sbin


## ----------- ##
## Core tests. ##
## ----------- ##

configure:2133: checking build system type
configure:2151: result: x86_64-pc-linux-gnu
configure:2173: checking host system type
configure:2188: result: powerpc-unknown-linux-gnu
configure:2210: checking target system type
configure:2225: result: powerpc-unknown-linux-gnu
configure:2262: checking for ppc-unknown-linux-gcc
configure:2289: result: /opt/freescale-p2020/usr/local/gcc-4.3.74-eglibc-2.8.74-dp-2/powerpc-none-linux-gnuspe/bin/powerpc-none-linux-gnuspe-gcc
configure:2567: checking for C compiler version
configure:2574: /opt/freescale-p2020/usr/local/gcc-4.3.74-eglibc-2.8.74-dp-2/powerpc-none-linux-gnuspe/bin/powerpc-none-linux-gnuspe-gcc --version >&5
powerpc-none-linux-gnuspe-gcc (GCC) 4.3.2
Copyright (C) 2008 Free Software Foundation, Inc.
This is free software; see the source for copying conditions.  There is NO
warranty; not even for MERCHANTABILITY or FITNESS FOR A PARTICULAR PURPOSE.

configure:2577: $? = 0
configure:2584: /opt/freescale-p2020/usr/local/gcc-4.3.74-eglibc-2.8.74-dp-2/powerpc-none-linux-gnuspe/bin/powerpc-none-linux-gnuspe-gcc -v >&5
Using built-in specs.
Target: powerpc-none-linux-gnuspe
Configured with: ../gcc-4.3.2/configure --target=powerpc-none-linux-gnuspe --host=i686-pc-linux-gnu --prefix=/opt/freescale/usr/local/gcc-4.3.74-eglibc-2.8.74-dp-2/powerpc-none-linux-gnuspe --with-sysroot=/opt/freescale/usr/local/gcc-4.3.74-eglibc-2.8.74-dp-2/powerpc-none-linux-gnuspe/powerpc-none-linux-gnuspe/libc --disable-libssp --disable-libmudflap --disable-libstdcxx-pch --enable-libgomp --enable-shared --enable-threads --enable-languages=c,c++ --with-gmp=/usr/src/redhat/BUILD/csl-tc-4.3.74/host-libs/usr --with-mpfr=/usr/src/redhat/BUILD/csl-tc-4.3.74/host-libs/usr --with-cpu=8548 --with-gnu-as --with-gnu-ld --enable-symvers=gnu --enable-__cxa_atexit --enable-cxx-flags=-mcpu=8548 --disable-multilib --with-long-double-128 --disable-nls --enable-e500_double
Thread model: posix
gcc version 4.3.2 (GCC) 
configure:2587: $? = 0
configure:2594: /opt/freescale-p2020/usr/local/gcc-4.3.74-eglibc-2.8.74-dp-2/powerpc-none-linux-gnuspe/bin/powerpc-none-linux-gnuspe-gcc -V >&5
powerpc-none-linux-gnuspe-gcc: '-V' option must have argument
configure:2597: $? = 1
configure:2620: checking for C compiler default output file name
configure:2647: /opt/freescale-p2020/usr/local/gcc-4.3.74-eglibc-2.8.74-dp-2/powerpc-none-linux-gnuspe/bin/powerpc-none-linux-gnuspe-gcc    conftest.c  >&5
configure:2650: $? = 0
configure:2688: result: a.out
configure:2705: checking whether the C compiler works
configure:2735: result: yes
configure:2742: checking whether we are cross compiling
configure:2744: result: yes
configure:2747: checking for suffix of executables
configure:2754: /opt/freescale-p2020/usr/local/gcc-4.3.74-eglibc-2.8.74-dp-2/powerpc-none-linux-gnuspe/bin/powerpc-none-linux-gnuspe-gcc -o conftest    conftest.c  >&5
configure:2757: $? = 0
configure:2781: result: 
configure:2787: checking for suffix of object files
configure:2813: /opt/freescale-p2020/usr/local/gcc-4.3.74-eglibc-2.8.74-dp-2/powerpc-none-linux-gnuspe/bin/powerpc-none-linux-gnuspe-gcc -c   conftest.c >&5
configure:2816: $? = 0
configure:2839: result: o
configure:2843: checking whether we are using the GNU C compiler
configure:2872: /opt/freescale-p2020/usr/local/gcc-4.3.74-eglibc-2.8.74-dp-2/powerpc-none-linux-gnuspe/bin/powerpc-none-linux-gnuspe-gcc -c   conftest.c >&5
configure:2878: $? = 0
configure:2895: result: yes
configure:2900: checking whether /opt/freescale-p2020/usr/local/gcc-4.3.74-eglibc-2.8.74-dp-2/powerpc-none-linux-gnuspe/bin/powerpc-none-linux-gnuspe-gcc accepts -g
configure:2930: /opt/freescale-p2020/usr/local/gcc-4.3.74-eglibc-2.8.74-dp-2/powerpc-none-linux-gnuspe/bin/powerpc-none-linux-gnuspe-gcc -c -g  conftest.c >&5
configure:2936: $? = 0
configure:3035: result: yes
configure:3052: checking for /opt/freescale-p2020/usr/local/gcc-4.3.74-eglibc-2.8.74-dp-2/powerpc-none-linux-gnuspe/bin/powerpc-none-linux-gnuspe-gcc option to accept ISO C89
configure:3126: /opt/freescale-p2020/usr/local/gcc-4.3.74-eglibc-2.8.74-dp-2/powerpc-none-linux-gnuspe/bin/powerpc-none-linux-gnuspe-gcc  -c -g -O2  conftest.c >&5
configure:3132: $? = 0
configure:3155: result: none needed
configure:3195: checking for ld used by GCC
configure:3258: result: /opt/freescale-p2020/usr/local/gcc-4.3.74-eglibc-2.8.74-dp-2/powerpc-none-linux-gnuspe/bin/powerpc-none-linux-gnuspe-ld
configure:3267: checking if the linker (/opt/freescale-p2020/usr/local/gcc-4.3.74-eglibc-2.8.74-dp-2/powerpc-none-linux-gnuspe/bin/powerpc-none-linux-gnuspe-ld) is GNU ld
GNU ld (GNU Binutils) 2.18.50.20080215
configure:3279: result: yes
configure:3287: checking for ppc-unknown-linux-ranlib
configure:3314: result: /opt/freescale-p2020/usr/local/gcc-4.3.74-eglibc-2.8.74-dp-2/powerpc-none-linux-gnuspe/bin/powerpc-none-linux-gnuspe-ranlib
configure:3446: checking for /opt/freescale-p2020/usr/local/gcc-4.3.74-eglibc-2.8.74-dp-2/powerpc-none-linux-gnuspe/bin/powerpc-none-linux-gnuspe-ld option to reload object files
configure:3453: result: -r
configure:3458: checking for BSD-compatible nm
configure:3494: result: nm
configure:3497: checking for a sed that does not truncate output
configure:3579: result: /bin/sed
configure:3582: checking whether ln -s works
configure:3586: result: yes
configure:3593: checking how to recognise dependent libraries
configure:3774: result: pass_all
configure:3787: checking command to parse nm output
configure:3871: /opt/freescale-p2020/usr/local/gcc-4.3.74-eglibc-2.8.74-dp-2/powerpc-none-linux-gnuspe/bin/powerpc-none-linux-gnuspe-gcc -c -g -O2  conftest.c >&5
configure:3874: $? = 0
configure:3878: nm conftest.o \| sed -n -e 's/^.*[ 	]\([ABCDGISTW][ABCDGISTW]*\)[ 	][ 	]*\(\)\([_A-Za-z][_A-Za-z0-9]*\)$/\1 \2\3 \3/p' \> conftest.nm
configure:3881: $? = 0
configure:3933: /opt/freescale-p2020/usr/local/gcc-4.3.74-eglibc-2.8.74-dp-2/powerpc-none-linux-gnuspe/bin/powerpc-none-linux-gnuspe-gcc -o conftest -g -O2   conftest.c conftstm.o >&5
configure:3936: $? = 0
configure:3980: result: ok
configure:3989: checking how to run the C preprocessor
configure:4105: result: /opt/freescale-p2020/usr/local/gcc-4.3.74-eglibc-2.8.74-dp-2/powerpc-none-linux-gnuspe/bin/powerpc-none-linux-gnuspe-cpp
configure:4134: /opt/freescale-p2020/usr/local/gcc-4.3.74-eglibc-2.8.74-dp-2/powerpc-none-linux-gnuspe/bin/powerpc-none-linux-gnuspe-cpp  conftest.c
configure:4140: $? = 0
configure:4171: /opt/freescale-p2020/usr/local/gcc-4.3.74-eglibc-2.8.74-dp-2/powerpc-none-linux-gnuspe/bin/powerpc-none-linux-gnuspe-cpp  conftest.c
conftest.c:8:28: error: ac_nonexistent.h: No such file or directory
configure:4177: $? = 1
configure: failed program was:
| /* confdefs.h.  */
| #define PACKAGE_NAME ""
| #define PACKAGE_TARNAME ""
| #define PACKAGE_VERSION ""
| #define PACKAGE_STRING ""
| #define PACKAGE_BUGREPORT ""
| /* end confdefs.h.  */
| #include <ac_nonexistent.h>
configure:4215: checking for grep that handles long lines and -e
configure:4289: result: /bin/grep
configure:4294: checking for egrep
configure:4372: result: /bin/grep -E
configure:4377: checking for ANSI C header files
configure:4407: /opt/freescale-p2020/usr/local/gcc-4.3.74-eglibc-2.8.74-dp-2/powerpc-none-linux-gnuspe/bin/powerpc-none-linux-gnuspe-gcc -c -g -O2  conftest.c >&5
configure:4413: $? = 0
configure:4541: result: yes
configure:4565: checking for sys/types.h
configure:4586: /opt/freescale-p2020/usr/local/gcc-4.3.74-eglibc-2.8.74-dp-2/powerpc-none-linux-gnuspe/bin/powerpc-none-linux-gnuspe-gcc -c -g -O2  conftest.c >&5
configure:4592: $? = 0
configure:4608: result: yes
configure:4565: checking for sys/stat.h
configure:4586: /opt/freescale-p2020/usr/local/gcc-4.3.74-eglibc-2.8.74-dp-2/powerpc-none-linux-gnuspe/bin/powerpc-none-linux-gnuspe-gcc -c -g -O2  conftest.c >&5
configure:4592: $? = 0
configure:4608: result: yes
configure:4565: checking for stdlib.h
configure:4586: /opt/freescale-p2020/usr/local/gcc-4.3.74-eglibc-2.8.74-dp-2/powerpc-none-linux-gnuspe/bin/powerpc-none-linux-gnuspe-gcc -c -g -O2  conftest.c >&5
configure:4592: $? = 0
configure:4608: result: yes
configure:4565: checking for string.h
configure:4586: /opt/freescale-p2020/usr/local/gcc-4.3.74-eglibc-2.8.74-dp-2/powerpc-none-linux-gnuspe/bin/powerpc-none-linux-gnuspe-gcc -c -g -O2  conftest.c >&5
configure:4592: $? = 0
configure:4608: result: yes
configure:4565: checking for memory.h
configure:4586: /opt/freescale-p2020/usr/local/gcc-4.3.74-eglibc-2.8.74-dp-2/powerpc-none-linux-gnuspe/bin/powerpc-none-linux-gnuspe-gcc -c -g -O2  conftest.c >&5
configure:4592: $? = 0
configure:4608: result: yes
configure:4565: checking for strings.h
configure:4586: /opt/freescale-p2020/usr/local/gcc-4.3.74-eglibc-2.8.74-dp-2/powerpc-none-linux-gnuspe/bin/powerpc-none-linux-gnuspe-gcc -c -g -O2  conftest.c >&5
configure:4592: $? = 0
configure:4608: result: yes
configure:4565: checking for inttypes.h
configure:4586: /opt/freescale-p2020/usr/local/gcc-4.3.74-eglibc-2.8.74-dp-2/powerpc-none-linux-gnuspe/bin/powerpc-none-linux-gnuspe-gcc -c -g -O2  conftest.c >&5
configure:4592: $? = 0
configure:4608: result: yes
configure:4565: checking for stdint.h
configure:4586: /opt/freescale-p2020/usr/local/gcc-4.3.74-eglibc-2.8.74-dp-2/powerpc-none-linux-gnuspe/bin/powerpc-none-linux-gnuspe-gcc -c -g -O2  conftest.c >&5
configure:4592: $? = 0
configure:4608: result: yes
configure:4565: checking for unistd.h
configure:4586: /opt/freescale-p2020/usr/local/gcc-4.3.74-eglibc-2.8.74-dp-2/powerpc-none-linux-gnuspe/bin/powerpc-none-linux-gnuspe-gcc -c -g -O2  conftest.c >&5
configure:4592: $? = 0
configure:4608: result: yes
configure:4635: checking dlfcn.h usability
configure:4652: /opt/freescale-p2020/usr/local/gcc-4.3.74-eglibc-2.8.74-dp-2/powerpc-none-linux-gnuspe/bin/powerpc-none-linux-gnuspe-gcc -c -g -O2  conftest.c >&5
configure:4658: $? = 0
configure:4672: result: yes
configure:4676: checking dlfcn.h presence
configure:4691: /opt/freescale-p2020/usr/local/gcc-4.3.74-eglibc-2.8.74-dp-2/powerpc-none-linux-gnuspe/bin/powerpc-none-linux-gnuspe-cpp  conftest.c
configure:4697: $? = 0
configure:4711: result: yes
configure:4739: checking for dlfcn.h
configure:4747: result: yes
configure:4907: checking for ppc-unknown-linux-ranlib
configure:4934: result: /opt/freescale-p2020/usr/local/gcc-4.3.74-eglibc-2.8.74-dp-2/powerpc-none-linux-gnuspe/bin/powerpc-none-linux-gnuspe-ranlib
configure:5003: checking for ppc-unknown-linux-strip
configure:5030: result: /opt/freescale-p2020/usr/local/gcc-4.3.74-eglibc-2.8.74-dp-2/powerpc-none-linux-gnuspe/bin/powerpc-none-linux-gnuspe-strip
configure:5302: checking for objdir
configure:5313: result: .libs
configure:5334: checking for /opt/freescale-p2020/usr/local/gcc-4.3.74-eglibc-2.8.74-dp-2/powerpc-none-linux-gnuspe/bin/powerpc-none-linux-gnuspe-gcc option to produce PIC
configure:5480: result: -fPIC
configure:5484: checking if /opt/freescale-p2020/usr/local/gcc-4.3.74-eglibc-2.8.74-dp-2/powerpc-none-linux-gnuspe/bin/powerpc-none-linux-gnuspe-gcc PIC flag -fPIC works
configure:5512: /opt/freescale-p2020/usr/local/gcc-4.3.74-eglibc-2.8.74-dp-2/powerpc-none-linux-gnuspe/bin/powerpc-none-linux-gnuspe-gcc -c -g -O2 -fPIC -DPIC  conftest.c >&5
configure:5518: $? = 0
configure:5560: result: yes
configure:5580: checking if /opt/freescale-p2020/usr/local/gcc-4.3.74-eglibc-2.8.74-dp-2/powerpc-none-linux-gnuspe/bin/powerpc-none-linux-gnuspe-gcc static flag -static works
configure:5609: /opt/freescale-p2020/usr/local/gcc-4.3.74-eglibc-2.8.74-dp-2/powerpc-none-linux-gnuspe/bin/powerpc-none-linux-gnuspe-gcc -o conftest -g -O2   -static conftest.c  >&5
configure:5615: $? = 0
configure:5638: result: yes
configure:5654: checking if /opt/freescale-p2020/usr/local/gcc-4.3.74-eglibc-2.8.74-dp-2/powerpc-none-linux-gnuspe/bin/powerpc-none-linux-gnuspe-gcc supports -c -o file.o
configure:5666: /opt/freescale-p2020/usr/local/gcc-4.3.74-eglibc-2.8.74-dp-2/powerpc-none-linux-gnuspe/bin/powerpc-none-linux-gnuspe-gcc -c -g -O2 -o out/conftest2.o  conftest.c >&5
configure:5698: result: yes
configure:5703: checking if /opt/freescale-p2020/usr/local/gcc-4.3.74-eglibc-2.8.74-dp-2/powerpc-none-linux-gnuspe/bin/powerpc-none-linux-gnuspe-gcc supports -c -o file.lo
configure:5735: /opt/freescale-p2020/usr/local/gcc-4.3.74-eglibc-2.8.74-dp-2/powerpc-none-linux-gnuspe/bin/powerpc-none-linux-gnuspe-gcc -c -g -O2 -c -o conftest.lo  conftest.c >&5
configure:5741: $? = 0
configure:5768: result: yes
configure:5807: checking if /opt/freescale-p2020/usr/local/gcc-4.3.74-eglibc-2.8.74-dp-2/powerpc-none-linux-gnuspe/bin/powerpc-none-linux-gnuspe-gcc supports -fno-rtti -fno-exceptions
configure:5834: /opt/freescale-p2020/usr/local/gcc-4.3.74-eglibc-2.8.74-dp-2/powerpc-none-linux-gnuspe/bin/powerpc-none-linux-gnuspe-gcc -c -g -O2 -fno-rtti -fno-exceptions -c conftest.c  conftest.c >&5
cc1: warning: command line option "-fno-rtti" is valid for C++/ObjC++ but not for C
cc1: warning: command line option "-fno-rtti" is valid for C++/ObjC++ but not for C
configure:5840: $? = 0
configure:5862: result: no
configure:5877: checking whether the linker (/opt/freescale-p2020/usr/local/gcc-4.3.74-eglibc-2.8.74-dp-2/powerpc-none-linux-gnuspe/bin/powerpc-none-linux-gnuspe-ld) supports shared libraries
configure:6572: result: yes
configure:6581: checking how to hardcode library paths into programs
configure:6605: result: immediate
configure:6614: checking whether stripping libraries is possible
configure:6619: result: yes
configure:6634: checking dynamic linker characteristics
configure:7065: result: GNU/Linux ld.so
configure:7074: checking if libtool supports shared libraries
configure:7076: result: yes
configure:7083: checking whether to build shared libraries
configure:7104: result: yes
configure:7111: checking whether to build static libraries
configure:7115: result: yes
configure:7839: checking whether -lc should be explicitly linked in
configure:7847: /opt/freescale-p2020/usr/local/gcc-4.3.74-eglibc-2.8.74-dp-2/powerpc-none-linux-gnuspe/bin/powerpc-none-linux-gnuspe-gcc -c -g -O2  conftest.c >&5
configure:7850: $? = 0
configure:7864: /opt/freescale-p2020/usr/local/gcc-4.3.74-eglibc-2.8.74-dp-2/powerpc-none-linux-gnuspe/bin/powerpc-none-linux-gnuspe-gcc -shared conftest.o  -v -Wl,-soname -Wl,conftest -o conftest 2\>\&1 \| grep  -lc  \>/dev/null 2\>\&1
configure:7867: $? = 0
configure:7880: result: no
configure:8472: checking for a BSD-compatible install
configure:8528: result: /usr/bin/install -c
configure:8539: checking whether ln -s works
configure:8543: result: yes
configure:8550: checking whether make sets $(MAKE)
configure:8571: result: yes
configure:8582: checking whether build environment is sane
configure:8625: result: yes
configure:8690: checking for gawk
configure:8706: found /bin/gawk
configure:8717: result: gawk
configure:8749: checking for style of include used by make
configure:8777: result: GNU
configure:8851: checking for ppc-unknown-linux-strip
configure:8878: result: /opt/freescale-p2020/usr/local/gcc-4.3.74-eglibc-2.8.74-dp-2/powerpc-none-linux-gnuspe/bin/powerpc-none-linux-gnuspe-strip
configure:8960: checking dependency style of /opt/freescale-p2020/usr/local/gcc-4.3.74-eglibc-2.8.74-dp-2/powerpc-none-linux-gnuspe/bin/powerpc-none-linux-gnuspe-gcc
configure:9050: result: gcc3
configure:9069: checking for ANSI C header files
configure:9233: result: yes
configure:9251: checking for dirent.h that defines DIR
configure:9280: /opt/freescale-p2020/usr/local/gcc-4.3.74-eglibc-2.8.74-dp-2/powerpc-none-linux-gnuspe/bin/powerpc-none-linux-gnuspe-gcc -c -g -O2  conftest.c >&5
configure:9286: $? = 0
configure:9302: result: yes
configure:9315: checking for library containing opendir
configure:9356: /opt/freescale-p2020/usr/local/gcc-4.3.74-eglibc-2.8.74-dp-2/powerpc-none-linux-gnuspe/bin/powerpc-none-linux-gnuspe-gcc -o conftest -g -O2   conftest.c  >&5
configure:9362: $? = 0
configure:9390: result: none required
configure:9494: checking for sys/types.h
configure:9500: result: yes
configure:9504: checking sys/time.h usability
configure:9521: /opt/freescale-p2020/usr/local/gcc-4.3.74-eglibc-2.8.74-dp-2/powerpc-none-linux-gnuspe/bin/powerpc-none-linux-gnuspe-gcc -c -g -O2  conftest.c >&5
configure:9527: $? = 0
configure:9541: result: yes
configure:9545: checking sys/time.h presence
configure:9560: /opt/freescale-p2020/usr/local/gcc-4.3.74-eglibc-2.8.74-dp-2/powerpc-none-linux-gnuspe/bin/powerpc-none-linux-gnuspe-cpp  conftest.c
configure:9566: $? = 0
configure:9580: result: yes
configure:9608: checking for sys/time.h
configure:9616: result: yes
configure:9504: checking termio.h usability
configure:9521: /opt/freescale-p2020/usr/local/gcc-4.3.74-eglibc-2.8.74-dp-2/powerpc-none-linux-gnuspe/bin/powerpc-none-linux-gnuspe-gcc -c -g -O2  conftest.c >&5
configure:9527: $? = 0
configure:9541: result: yes
configure:9545: checking termio.h presence
configure:9560: /opt/freescale-p2020/usr/local/gcc-4.3.74-eglibc-2.8.74-dp-2/powerpc-none-linux-gnuspe/bin/powerpc-none-linux-gnuspe-cpp  conftest.c
configure:9566: $? = 0
configure:9580: result: yes
configure:9608: checking for termio.h
configure:9616: result: yes
configure:9494: checking for unistd.h
configure:9500: result: yes
configure:9504: checking math.h usability
configure:9521: /opt/freescale-p2020/usr/local/gcc-4.3.74-eglibc-2.8.74-dp-2/powerpc-none-linux-gnuspe/bin/powerpc-none-linux-gnuspe-gcc -c -g -O2  conftest.c >&5
configure:9527: $? = 0
configure:9541: result: yes
configure:9545: checking math.h presence
configure:9560: /opt/freescale-p2020/usr/local/gcc-4.3.74-eglibc-2.8.74-dp-2/powerpc-none-linux-gnuspe/bin/powerpc-none-linux-gnuspe-cpp  conftest.c
configure:9566: $? = 0
configure:9580: result: yes
configure:9608: checking for math.h
configure:9616: result: yes
configure:9504: checking locale.h usability
configure:9521: /opt/freescale-p2020/usr/local/gcc-4.3.74-eglibc-2.8.74-dp-2/powerpc-none-linux-gnuspe/bin/powerpc-none-linux-gnuspe-gcc -c -g -O2  conftest.c >&5
configure:9527: $? = 0
configure:9541: result: yes
configure:9545: checking locale.h presence
configure:9560: /opt/freescale-p2020/usr/local/gcc-4.3.74-eglibc-2.8.74-dp-2/powerpc-none-linux-gnuspe/bin/powerpc-none-linux-gnuspe-cpp  conftest.c
configure:9566: $? = 0
configure:9580: result: yes
configure:9608: checking for locale.h
configure:9616: result: yes
configure:9630: checking for an ANSI C-conforming const
configure:9705: /opt/freescale-p2020/usr/local/gcc-4.3.74-eglibc-2.8.74-dp-2/powerpc-none-linux-gnuspe/bin/powerpc-none-linux-gnuspe-gcc -c -g -O2  conftest.c >&5
configure:9711: $? = 0
configure:9726: result: yes
configure:9736: checking for inline
configure:9762: /opt/freescale-p2020/usr/local/gcc-4.3.74-eglibc-2.8.74-dp-2/powerpc-none-linux-gnuspe/bin/powerpc-none-linux-gnuspe-gcc -c -g -O2  conftest.c >&5
configure:9768: $? = 0
configure:9786: result: inline
configure:9805: checking for size_t
configure:9835: /opt/freescale-p2020/usr/local/gcc-4.3.74-eglibc-2.8.74-dp-2/powerpc-none-linux-gnuspe/bin/powerpc-none-linux-gnuspe-gcc -c -g -O2  conftest.c >&5
configure:9841: $? = 0
configure:9856: result: yes
configure:9868: checking whether time.h and sys/time.h may both be included
configure:9898: /opt/freescale-p2020/usr/local/gcc-4.3.74-eglibc-2.8.74-dp-2/powerpc-none-linux-gnuspe/bin/powerpc-none-linux-gnuspe-gcc -c -g -O2  conftest.c >&5
configure:9904: $? = 0
configure:9919: result: yes
configure:9929: checking whether struct tm is in sys/time.h or time.h
configure:9959: /opt/freescale-p2020/usr/local/gcc-4.3.74-eglibc-2.8.74-dp-2/powerpc-none-linux-gnuspe/bin/powerpc-none-linux-gnuspe-gcc -c -g -O2  conftest.c >&5
configure:9965: $? = 0
configure:9980: result: time.h
configure:9993: checking for working alloca.h
configure:10020: /opt/freescale-p2020/usr/local/gcc-4.3.74-eglibc-2.8.74-dp-2/powerpc-none-linux-gnuspe/bin/powerpc-none-linux-gnuspe-gcc -o conftest -g -O2   conftest.c  >&5
configure:10026: $? = 0
configure:10043: result: yes
configure:10053: checking for alloca
configure:10100: /opt/freescale-p2020/usr/local/gcc-4.3.74-eglibc-2.8.74-dp-2/powerpc-none-linux-gnuspe/bin/powerpc-none-linux-gnuspe-gcc -o conftest -g -O2   conftest.c  >&5
configure:10106: $? = 0
configure:10123: result: yes
configure:10350: checking for working memcmp
configure:10431: result: no
configure:10446: checking for stdlib.h
configure:10452: result: yes
configure:10446: checking for unistd.h
configure:10452: result: yes
configure:10585: checking for getpagesize
configure:10641: /opt/freescale-p2020/usr/local/gcc-4.3.74-eglibc-2.8.74-dp-2/powerpc-none-linux-gnuspe/bin/powerpc-none-linux-gnuspe-gcc -o conftest -g -O2   conftest.c  >&5
configure:10647: $? = 0
configure:10665: result: yes
configure:10675: checking for working mmap
configure:10850: result: no
configure:10865: checking for vprintf
configure:10921: /opt/freescale-p2020/usr/local/gcc-4.3.74-eglibc-2.8.74-dp-2/powerpc-none-linux-gnuspe/bin/powerpc-none-linux-gnuspe-gcc -o conftest -g -O2   conftest.c  >&5
conftest.c:56: warning: conflicting types for built-in function 'vprintf'
configure:10927: $? = 0
configure:10945: result: yes
configure:10952: checking for _doprnt
configure:11008: /opt/freescale-p2020/usr/local/gcc-4.3.74-eglibc-2.8.74-dp-2/powerpc-none-linux-gnuspe/bin/powerpc-none-linux-gnuspe-gcc -o conftest -g -O2   conftest.c  >&5
/tmp/ccWMtxkY.o: In function `main':
/home/ec7987/percy/minigui/libminigui-1.6.10/conftest.c:68: undefined reference to `_doprnt'
collect2: ld returned 1 exit status
configure:11014: $? = 1
configure: failed program was:
| /* confdefs.h.  */
| #define PACKAGE_NAME ""
| #define PACKAGE_TARNAME ""
| #define PACKAGE_VERSION ""
| #define PACKAGE_STRING ""
| #define PACKAGE_BUGREPORT ""
| #define STDC_HEADERS 1
| #define HAVE_SYS_TYPES_H 1
| #define HAVE_SYS_STAT_H 1
| #define HAVE_STDLIB_H 1
| #define HAVE_STRING_H 1
| #define HAVE_MEMORY_H 1
| #define HAVE_STRINGS_H 1
| #define HAVE_INTTYPES_H 1
| #define HAVE_STDINT_H 1
| #define HAVE_UNISTD_H 1
| #define HAVE_DLFCN_H 1
| #define STDC_HEADERS 1
| #define HAVE_DIRENT_H 1
| #define HAVE_SYS_TYPES_H 1
| #define HAVE_SYS_TIME_H 1
| #define HAVE_TERMIO_H 1
| #define HAVE_UNISTD_H 1
| #define HAVE_MATH_H 1
| #define HAVE_LOCALE_H 1
| #define TIME_WITH_SYS_TIME 1
| #define HAVE_ALLOCA_H 1
| #define HAVE_ALLOCA 1
| #define HAVE_STDLIB_H 1
| #define HAVE_UNISTD_H 1
| #define HAVE_GETPAGESIZE 1
| #define HAVE_VPRINTF 1
| /* end confdefs.h.  */
| /* Define _doprnt to an innocuous variant, in case <limits.h> declares _doprnt.
|    For example, HP-UX 11i <limits.h> declares gettimeofday.  */
| #define _doprnt innocuous__doprnt
| 
| /* System header to define __stub macros and hopefully few prototypes,
|     which can conflict with char _doprnt (); below.
|     Prefer <limits.h> to <assert.h> if __STDC__ is defined, since
|     <limits.h> exists even on freestanding compilers.  */
| 
| #ifdef __STDC__
| # include <limits.h>
| #else
| # include <assert.h>
| #endif
| 
| #undef _doprnt
| 
| /* Override any GCC internal prototype to avoid an error.
|    Use char because int might match the return type of a GCC
|    builtin and then its argument prototype would still apply.  */
| #ifdef __cplusplus
| extern "C"
| #endif
| char _doprnt ();
| /* The GNU C library defines this for functions which it implements
|     to always fail with ENOSYS.  Some functions are actually named
|     something starting with __ and the normal name is an alias.  */
| #if defined __stub__doprnt || defined __stub____doprnt
| choke me
| #endif
| 
| int
| main ()
| {
| return _doprnt ();
|   ;
|   return 0;
| }
configure:11031: result: no
configure:11057: checking for time
configure:11113: /opt/freescale-p2020/usr/local/gcc-4.3.74-eglibc-2.8.74-dp-2/powerpc-none-linux-gnuspe/bin/powerpc-none-linux-gnuspe-gcc -o conftest -g -O2   conftest.c  >&5
configure:11119: $? = 0
configure:11137: result: yes
configure:11057: checking for mktime
configure:11113: /opt/freescale-p2020/usr/local/gcc-4.3.74-eglibc-2.8.74-dp-2/powerpc-none-linux-gnuspe/bin/powerpc-none-linux-gnuspe-gcc -o conftest -g -O2   conftest.c  >&5
configure:11119: $? = 0
configure:11137: result: yes
configure:11057: checking for localtime
configure:11113: /opt/freescale-p2020/usr/local/gcc-4.3.74-eglibc-2.8.74-dp-2/powerpc-none-linux-gnuspe/bin/powerpc-none-linux-gnuspe-gcc -o conftest -g -O2   conftest.c  >&5
configure:11119: $? = 0
configure:11137: result: yes
configure:11057: checking for strdup
configure:11113: /opt/freescale-p2020/usr/local/gcc-4.3.74-eglibc-2.8.74-dp-2/powerpc-none-linux-gnuspe/bin/powerpc-none-linux-gnuspe-gcc -o conftest -g -O2   conftest.c  >&5
conftest.c:60: warning: conflicting types for built-in function 'strdup'
configure:11119: $? = 0
configure:11137: result: yes
configure:11057: checking for strcasecmp
configure:11113: /opt/freescale-p2020/usr/local/gcc-4.3.74-eglibc-2.8.74-dp-2/powerpc-none-linux-gnuspe/bin/powerpc-none-linux-gnuspe-gcc -o conftest -g -O2   conftest.c  >&5
conftest.c:61: warning: conflicting types for built-in function 'strcasecmp'
configure:11119: $? = 0
configure:11137: result: yes
configure:11057: checking for strncasecmp
configure:11113: /opt/freescale-p2020/usr/local/gcc-4.3.74-eglibc-2.8.74-dp-2/powerpc-none-linux-gnuspe/bin/powerpc-none-linux-gnuspe-gcc -o conftest -g -O2   conftest.c  >&5
conftest.c:62: warning: conflicting types for built-in function 'strncasecmp'
configure:11119: $? = 0
configure:11137: result: yes
configure:11057: checking for strerror
configure:11113: /opt/freescale-p2020/usr/local/gcc-4.3.74-eglibc-2.8.74-dp-2/powerpc-none-linux-gnuspe/bin/powerpc-none-linux-gnuspe-gcc -o conftest -g -O2   conftest.c  >&5
configure:11119: $? = 0
configure:11137: result: yes
configure:11057: checking for setlocale
configure:11113: /opt/freescale-p2020/usr/local/gcc-4.3.74-eglibc-2.8.74-dp-2/powerpc-none-linux-gnuspe/bin/powerpc-none-linux-gnuspe-gcc -o conftest -g -O2   conftest.c  >&5
configure:11119: $? = 0
configure:11137: result: yes
configure:11057: checking for getpt
configure:11113: /opt/freescale-p2020/usr/local/gcc-4.3.74-eglibc-2.8.74-dp-2/powerpc-none-linux-gnuspe/bin/powerpc-none-linux-gnuspe-gcc -o conftest -g -O2   conftest.c  >&5
configure:11119: $? = 0
configure:11137: result: yes
configure:11898: checking for FrameBuffer console support
configure:11927: /opt/freescale-p2020/usr/local/gcc-4.3.74-eglibc-2.8.74-dp-2/powerpc-none-linux-gnuspe/bin/powerpc-none-linux-gnuspe-gcc -c -g -O2  conftest.c >&5
configure:11933: $? = 0
configure:11949: result: yes
configure:12308: checking for pthread library
configure:12340: /opt/freescale-p2020/usr/local/gcc-4.3.74-eglibc-2.8.74-dp-2/powerpc-none-linux-gnuspe/bin/powerpc-none-linux-gnuspe-gcc -o conftest -g -O2   conftest.c  >&5
configure:12346: $? = 0
configure:12353: result: yes
configure:12583: checking for jpeg_std_error in -ljpeg
configure:12618: /opt/freescale-p2020/usr/local/gcc-4.3.74-eglibc-2.8.74-dp-2/powerpc-none-linux-gnuspe/bin/powerpc-none-linux-gnuspe-gcc -o conftest -g -O2   conftest.c -ljpeg -lm  >&5
/opt/freescale-p2020/usr/local/gcc-4.3.74-eglibc-2.8.74-dp-2/powerpc-none-linux-gnuspe/bin/../lib/gcc/powerpc-none-linux-gnuspe/4.3.2/../../../../powerpc-none-linux-gnuspe/bin/ld: cannot find -ljpeg
collect2: ld returned 1 exit status
configure:12624: $? = 1
configure: failed program was:
| /* confdefs.h.  */
| #define PACKAGE_NAME ""
| #define PACKAGE_TARNAME ""
| #define PACKAGE_VERSION ""
| #define PACKAGE_STRING ""
| #define PACKAGE_BUGREPORT ""
| #define STDC_HEADERS 1
| #define HAVE_SYS_TYPES_H 1
| #define HAVE_SYS_STAT_H 1
| #define HAVE_STDLIB_H 1
| #define HAVE_STRING_H 1
| #define HAVE_MEMORY_H 1
| #define HAVE_STRINGS_H 1
| #define HAVE_INTTYPES_H 1
| #define HAVE_STDINT_H 1
| #define HAVE_UNISTD_H 1
| #define HAVE_DLFCN_H 1
| #define STDC_HEADERS 1
| #define HAVE_DIRENT_H 1
| #define HAVE_SYS_TYPES_H 1
| #define HAVE_SYS_TIME_H 1
| #define HAVE_TERMIO_H 1
| #define HAVE_UNISTD_H 1
| #define HAVE_MATH_H 1
| #define HAVE_LOCALE_H 1
| #define TIME_WITH_SYS_TIME 1
| #define HAVE_ALLOCA_H 1
| #define HAVE_ALLOCA 1
| #define HAVE_STDLIB_H 1
| #define HAVE_UNISTD_H 1
| #define HAVE_GETPAGESIZE 1
| #define HAVE_VPRINTF 1
| #define HAVE_TIME 1
| #define HAVE_MKTIME 1
| #define HAVE_LOCALTIME 1
| #define HAVE_STRDUP 1
| #define HAVE_STRCASECMP 1
| #define HAVE_STRNCASECMP 1
| #define HAVE_STRERROR 1
| #define HAVE_SETLOCALE 1
| #define HAVE_GETPT 1
| #define _NEWGAL_ENGINE_DUMMY 1
| #define _NEWGAL_ENGINE_FBCON 1
| #define _NEWGAL_ENGINE_QVFB 1
| /* end confdefs.h.  */
| 
| /* Override any GCC internal prototype to avoid an error.
|    Use char because int might match the return type of a GCC
|    builtin and then its argument prototype would still apply.  */
| #ifdef __cplusplus
| extern "C"
| #endif
| char jpeg_std_error ();
| int
| main ()
| {
| return jpeg_std_error ();
|   ;
|   return 0;
| }
configure:12642: result: no
configure:12653: checking for png_check_sig in -lpng
configure:12688: /opt/freescale-p2020/usr/local/gcc-4.3.74-eglibc-2.8.74-dp-2/powerpc-none-linux-gnuspe/bin/powerpc-none-linux-gnuspe-gcc -o conftest -g -O2   conftest.c -lpng -lz -lm  >&5
/opt/freescale-p2020/usr/local/gcc-4.3.74-eglibc-2.8.74-dp-2/powerpc-none-linux-gnuspe/bin/../lib/gcc/powerpc-none-linux-gnuspe/4.3.2/../../../../powerpc-none-linux-gnuspe/bin/ld: cannot find -lpng
collect2: ld returned 1 exit status
configure:12694: $? = 1
configure: failed program was:
| /* confdefs.h.  */
| #define PACKAGE_NAME ""
| #define PACKAGE_TARNAME ""
| #define PACKAGE_VERSION ""
| #define PACKAGE_STRING ""
| #define PACKAGE_BUGREPORT ""
| #define STDC_HEADERS 1
| #define HAVE_SYS_TYPES_H 1
| #define HAVE_SYS_STAT_H 1
| #define HAVE_STDLIB_H 1
| #define HAVE_STRING_H 1
| #define HAVE_MEMORY_H 1
| #define HAVE_STRINGS_H 1
| #define HAVE_INTTYPES_H 1
| #define HAVE_STDINT_H 1
| #define HAVE_UNISTD_H 1
| #define HAVE_DLFCN_H 1
| #define STDC_HEADERS 1
| #define HAVE_DIRENT_H 1
| #define HAVE_SYS_TYPES_H 1
| #define HAVE_SYS_TIME_H 1
| #define HAVE_TERMIO_H 1
| #define HAVE_UNISTD_H 1
| #define HAVE_MATH_H 1
| #define HAVE_LOCALE_H 1
| #define TIME_WITH_SYS_TIME 1
| #define HAVE_ALLOCA_H 1
| #define HAVE_ALLOCA 1
| #define HAVE_STDLIB_H 1
| #define HAVE_UNISTD_H 1
| #define HAVE_GETPAGESIZE 1
| #define HAVE_VPRINTF 1
| #define HAVE_TIME 1
| #define HAVE_MKTIME 1
| #define HAVE_LOCALTIME 1
| #define HAVE_STRDUP 1
| #define HAVE_STRCASECMP 1
| #define HAVE_STRNCASECMP 1
| #define HAVE_STRERROR 1
| #define HAVE_SETLOCALE 1
| #define HAVE_GETPT 1
| #define _NEWGAL_ENGINE_DUMMY 1
| #define _NEWGAL_ENGINE_FBCON 1
| #define _NEWGAL_ENGINE_QVFB 1
| /* end confdefs.h.  */
| 
| /* Override any GCC internal prototype to avoid an error.
|    Use char because int might match the return type of a GCC
|    builtin and then its argument prototype would still apply.  */
| #ifdef __cplusplus
| extern "C"
| #endif
| char png_check_sig ();
| int
| main ()
| {
| return png_check_sig ();
|   ;
|   return 0;
| }
configure:12712: result: no
configure:13206: checking for pow in -lm
configure:13241: /opt/freescale-p2020/usr/local/gcc-4.3.74-eglibc-2.8.74-dp-2/powerpc-none-linux-gnuspe/bin/powerpc-none-linux-gnuspe-gcc -o conftest -g -O2 -D__MINIGUI_LIB__ -D_REENTRANT   conftest.c -lm   >&5
conftest.c:61: warning: conflicting types for built-in function 'pow'
configure:13247: $? = 0
configure:13265: result: yes
configure:14976: creating ./config.status

## ---------------------- ##
## Running config.status. ##
## ---------------------- ##

This file was extended by config.status, which was
generated by GNU Autoconf 2.61.  Invocation command line was

  CONFIG_FILES    = 
  CONFIG_HEADERS  = 
  CONFIG_LINKS    = 
  CONFIG_COMMANDS = 
  $ ./config.status 

on cncdebaobs10.emrsn.org

config.status:727: creating Makefile
config.status:727: creating src/Makefile
config.status:727: creating src/control/Makefile
config.status:727: creating src/font/Makefile
config.status:727: creating src/font/in-core/Makefile
config.status:727: creating src/newgal/Makefile
config.status:727: creating src/newgal/fbcon/Makefile
config.status:727: creating src/newgal/qvfb/Makefile
config.status:727: creating src/newgal/commlcd/Makefile
config.status:727: creating src/newgal/shadow/Makefile
config.status:727: creating src/newgal/dummy/Makefile
config.status:727: creating src/ial/Makefile
config.status:727: creating src/ial/native/Makefile
config.status:727: creating src/mybmp/Makefile
config.status:727: creating src/newgdi/Makefile
config.status:727: creating src/gui/Makefile
config.status:727: creating src/misc/Makefile
config.status:727: creating src/main/Makefile
config.status:727: creating src/kernel/Makefile
config.status:727: creating src/sysres/Makefile
config.status:727: creating src/include/Makefile
config.status:727: creating src/include/control/Makefile
config.status:727: creating ext/Makefile
config.status:727: creating ext/control/Makefile
config.status:727: creating ext/mywins/Makefile
config.status:727: creating ext/skin/Makefile
config.status:727: creating ext/include/Makefile
config.status:727: creating ext/include/ext/Makefile
config.status:727: creating ext/res/Makefile
config.status:727: creating vcongui/Makefile
config.status:727: creating include/Makefile
config.status:727: creating include/ctrl/Makefile
config.status:727: creating etc/Makefile
config.status:727: creating m4/Makefile
config.status:727: creating mgconfig.h
config.status:1053: mgconfig.h is unchanged
config.status:1099: executing depfiles commands

## ---------------- ##
## Cache variables. ##
## ---------------- ##

ac_cv_build=x86_64-pc-linux-gnu
ac_cv_c_compiler_gnu=yes
ac_cv_c_const=yes
ac_cv_c_inline=inline
ac_cv_env_CC_set=set
ac_cv_env_CC_value=/opt/freescale-p2020/usr/local/gcc-4.3.74-eglibc-2.8.74-dp-2/powerpc-none-linux-gnuspe/bin/powerpc-none-linux-gnuspe-gcc
ac_cv_env_CFLAGS_set=
ac_cv_env_CFLAGS_value=
ac_cv_env_CPPFLAGS_set=
ac_cv_env_CPPFLAGS_value=
ac_cv_env_CPP_set=set
ac_cv_env_CPP_value=/opt/freescale-p2020/usr/local/gcc-4.3.74-eglibc-2.8.74-dp-2/powerpc-none-linux-gnuspe/bin/powerpc-none-linux-gnuspe-cpp
ac_cv_env_LDFLAGS_set=
ac_cv_env_LDFLAGS_value=
ac_cv_env_LIBS_set=
ac_cv_env_LIBS_value=
ac_cv_env_build_alias_set=set
ac_cv_env_build_alias_value=x86_64-linux
ac_cv_env_host_alias_set=set
ac_cv_env_host_alias_value=ppc-unknown-linux
ac_cv_env_target_alias_set=set
ac_cv_env_target_alias_value=ppc-unknown-linux
ac_cv_func__doprnt=no
ac_cv_func_alloca_works=yes
ac_cv_func_getpagesize=yes
ac_cv_func_getpt=yes
ac_cv_func_localtime=yes
ac_cv_func_memcmp_working=no
ac_cv_func_mktime=yes
ac_cv_func_mmap_fixed_mapped=no
ac_cv_func_setlocale=yes
ac_cv_func_strcasecmp=yes
ac_cv_func_strdup=yes
ac_cv_func_strerror=yes
ac_cv_func_strncasecmp=yes
ac_cv_func_time=yes
ac_cv_func_vprintf=yes
ac_cv_header_dirent_dirent_h=yes
ac_cv_header_dlfcn_h=yes
ac_cv_header_inttypes_h=yes
ac_cv_header_locale_h=yes
ac_cv_header_math_h=yes
ac_cv_header_memory_h=yes
ac_cv_header_stdc=yes
ac_cv_header_stdint_h=yes
ac_cv_header_stdlib_h=yes
ac_cv_header_string_h=yes
ac_cv_header_strings_h=yes
ac_cv_header_sys_stat_h=yes
ac_cv_header_sys_time_h=yes
ac_cv_header_sys_types_h=yes
ac_cv_header_termio_h=yes
ac_cv_header_time=yes
ac_cv_header_unistd_h=yes
ac_cv_host=powerpc-unknown-linux-gnu
ac_cv_lib_jpeg_jpeg_std_error=no
ac_cv_lib_m_pow=yes
ac_cv_lib_png_png_check_sig=no
ac_cv_objext=o
ac_cv_path_EGREP='/bin/grep -E'
ac_cv_path_GREP=/bin/grep
ac_cv_path_install='/usr/bin/install -c'
ac_cv_prog_AWK=gawk
ac_cv_prog_CC=/opt/freescale-p2020/usr/local/gcc-4.3.74-eglibc-2.8.74-dp-2/powerpc-none-linux-gnuspe/bin/powerpc-none-linux-gnuspe-gcc
ac_cv_prog_CPP=/opt/freescale-p2020/usr/local/gcc-4.3.74-eglibc-2.8.74-dp-2/powerpc-none-linux-gnuspe/bin/powerpc-none-linux-gnuspe-cpp
ac_cv_prog_RANLIB=/opt/freescale-p2020/usr/local/gcc-4.3.74-eglibc-2.8.74-dp-2/powerpc-none-linux-gnuspe/bin/powerpc-none-linux-gnuspe-ranlib
ac_cv_prog_STRIP=/opt/freescale-p2020/usr/local/gcc-4.3.74-eglibc-2.8.74-dp-2/powerpc-none-linux-gnuspe/bin/powerpc-none-linux-gnuspe-strip
ac_cv_prog_cc_c89=
ac_cv_prog_cc_g=yes
ac_cv_prog_make_make_set=yes
ac_cv_search_opendir='none required'
ac_cv_struct_tm=time.h
ac_cv_target=powerpc-unknown-linux-gnu
ac_cv_type_size_t=yes
ac_cv_working_alloca_h=yes
am_cv_CC_dependencies_compiler_type=gcc3
lt_cv_archive_cmds_need_lc=no
lt_cv_compiler_c_o=yes
lt_cv_compiler_o_lo=yes
lt_cv_deplibs_check_method=pass_all
lt_cv_file_magic_cmd='$MAGIC_CMD'
lt_cv_file_magic_test_file='/lib/libc.so.6 /lib/libc-2.3.4.so'
lt_cv_global_symbol_to_c_name_address='sed -n -e '\''s/^: \([^ ]*\) $/  {\"\1\", (lt_ptr) 0},/p'\'' -e '\''s/^[BCDEGRST] \([^ ]*\) \([^ ]*\)$/  {"\2", (lt_ptr) \&\2},/p'\'''
lt_cv_global_symbol_to_cdecl='sed -n -e '\''s/^. .* \(.*\)$/extern char \1;/p'\'''
lt_cv_ld_reload_flag=-r
lt_cv_path_LD=/opt/freescale-p2020/usr/local/gcc-4.3.74-eglibc-2.8.74-dp-2/powerpc-none-linux-gnuspe/bin/powerpc-none-linux-gnuspe-ld
lt_cv_path_NM=nm
lt_cv_path_SED=/bin/sed
lt_cv_prog_cc_can_build_shared=yes
lt_cv_prog_cc_no_builtin=
lt_cv_prog_cc_pic=' -fPIC'
lt_cv_prog_cc_pic_works=yes
lt_cv_prog_cc_shlib=
lt_cv_prog_cc_static=-static
lt_cv_prog_cc_static_works=yes
lt_cv_prog_cc_wl=-Wl,
lt_cv_prog_gnu_ld=yes
lt_cv_sys_global_symbol_pipe='sed -n -e '\''s/^.*[ 	]\([ABCDGISTW][ABCDGISTW]*\)[ 	][ 	]*\(\)\([_A-Za-z][_A-Za-z0-9]*\)$/\1 \2\3 \3/p'\'''

## ----------------- ##
## Output variables. ##
## ----------------- ##

ABSSIG_IAL_ENGINE_FALSE=''
ABSSIG_IAL_ENGINE_TRUE='#'
ACLOCAL='${SHELL} /home/ec7987/percy/minigui/libminigui-1.6.10/missing --run aclocal-1.9'
ALLOCA=''
AMDEPBACKSLASH='\'
AMDEP_FALSE='#'
AMDEP_TRUE=''
AMTAR='${SHELL} /home/ec7987/percy/minigui/libminigui-1.6.10/missing --run tar'
AUTOCONF='${SHELL} /home/ec7987/percy/minigui/libminigui-1.6.10/missing --run autoconf'
AUTOHEADER='${SHELL} /home/ec7987/percy/minigui/libminigui-1.6.10/missing --run autoheader'
AUTOMAKE='${SHELL} /home/ec7987/percy/minigui/libminigui-1.6.10/missing --run automake-1.9'
AWK='gawk'
CC='/opt/freescale-p2020/usr/local/gcc-4.3.74-eglibc-2.8.74-dp-2/powerpc-none-linux-gnuspe/bin/powerpc-none-linux-gnuspe-gcc'
CCDEPMODE='depmode=gcc3'
CFLAGS='-g -O2 -D__MINIGUI_LIB__ -D_REENTRANT -Wall -Wstrict-prototypes -pipe'
CPP='/opt/freescale-p2020/usr/local/gcc-4.3.74-eglibc-2.8.74-dp-2/powerpc-none-linux-gnuspe/bin/powerpc-none-linux-gnuspe-cpp'
CPPFLAGS=''
CYGPATH_W='echo'
DEFS='-DHAVE_CONFIG_H'
DEPDIR='.deps'
ECHO='echo'
ECHO_C=''
ECHO_N='-n'
ECHO_T=''
EGREP='/bin/grep -E'
EXEEXT=''
FLAT_WINDOW_STYLE_FALSE=''
FLAT_WINDOW_STYLE_TRUE='#'
GREP='/bin/grep'
IME_GB2312_PINYIN_SUPPORT_FALSE=''
IME_GB2312_PINYIN_SUPPORT_TRUE='#'
IME_GB2312_SUPPORT_FALSE=''
IME_GB2312_SUPPORT_TRUE='#'
INSTALL_DATA='${INSTALL} -m 644'
INSTALL_PROGRAM='${INSTALL}'
INSTALL_SCRIPT='${INSTALL}'
INSTALL_STRIP_PROGRAM='${SHELL} $(install_sh) -c -s'
LDFLAGS=''
LIBOBJS=' ${LIBOBJDIR}memcmp$U.o'
LIBS=''
LIBTOOL='$(SHELL) $(top_builddir)/libtool'
LIB_VCONGUI_FALSE='#'
LIB_VCONGUI_TRUE=''
LITE_VERSION_FALSE=''
LITE_VERSION_TRUE='#'
LN_S='ln -s'
LTLIBOBJS=' ${LIBOBJDIR}memcmp$U.lo'
LT_AGE='0'
LT_CURRENT='10'
LT_RELEASE='1.6'
LT_REVISION='0'
MAKEINFO='${SHELL} /home/ec7987/percy/minigui/libminigui-1.6.10/missing --run makeinfo'
MiniGUI_BINARY_AGE='0'
MiniGUI_INTERFACE_AGE='0'
MiniGUI_MAJOR_VERSION='1'
MiniGUI_MICRO_VERSION='10'
MiniGUI_MINOR_VERSION='6'
MiniGUI_VERSION='1.6.10'
NATIVE_IAL_ENGINE_FALSE='#'
NATIVE_IAL_ENGINE_TRUE=''
OBJEXT='o'
PACKAGE='libminigui'
PACKAGE_BUGREPORT=''
PACKAGE_NAME=''
PACKAGE_STRING=''
PACKAGE_TARNAME=''
PACKAGE_VERSION=''
PATH_SEPARATOR=':'
PC3D_WINDOW_STYLE_FALSE='#'
PC3D_WINDOW_STYLE_TRUE=''
PHONE_WINDOW_STYLE_FALSE=''
PHONE_WINDOW_STYLE_TRUE='#'
RANLIB='/opt/freescale-p2020/usr/local/gcc-4.3.74-eglibc-2.8.74-dp-2/powerpc-none-linux-gnuspe/bin/powerpc-none-linux-gnuspe-ranlib'
SET_MAKE=''
SHELL='/bin/sh'
STAND_ALONE_FALSE=''
STAND_ALONE_TRUE='#'
STRIP='/opt/freescale-p2020/usr/local/gcc-4.3.74-eglibc-2.8.74-dp-2/powerpc-none-linux-gnuspe/bin/powerpc-none-linux-gnuspe-strip'
SYSTEM_LIBS=' -lm'
UCOSII_FALSE=''
UCOSII_TRUE='#'
USE_NEWGAL_FALSE='#'
USE_NEWGAL_TRUE=''
USE_OWN_PTHREAD_FALSE=''
USE_OWN_PTHREAD_TRUE='#'
VERSION='1.6.10'
VIDEO_DRIVERS=' dummy/libvideo_null.la fbcon/libvideo_fbcon.la qvfb/libvideo_qvfb.la'
VIDEO_SUBDIRS=' dummy fbcon qvfb'
ac_ct_CC=''
am__fastdepCC_FALSE='#'
am__fastdepCC_TRUE=''
am__include='include'
am__leading_dot='.'
am__quote=''
am__tar='${AMTAR} chof - "$$tardir"'
am__untar='${AMTAR} xf -'
bindir='${exec_prefix}/bin'
build='x86_64-pc-linux-gnu'
build_alias='x86_64-linux'
build_cpu='x86_64'
build_os='linux-gnu'
build_vendor='pc'
datadir='${datarootdir}'
datarootdir='${prefix}/share'
docdir='${datarootdir}/doc/${PACKAGE}'
dvidir='${docdir}'
exec_prefix='${prefix}'
host='powerpc-unknown-linux-gnu'
host_alias='ppc-unknown-linux'
host_cpu='powerpc'
host_os='linux-gnu'
host_vendor='unknown'
htmldir='${docdir}'
includedir='${prefix}/include'
infodir='${datarootdir}/info'
install_sh='/home/ec7987/percy/minigui/libminigui-1.6.10/install-sh'
libdir='${exec_prefix}/lib'
libexecdir='${exec_prefix}/libexec'
localedir='${datarootdir}/locale'
localstatedir='${prefix}/var'
mandir='${datarootdir}/man'
mkdir_p='mkdir -p --'
oldincludedir='/usr/include'
pdfdir='${docdir}'
prefix='/home/ec7987/temp/minigui/release'
program_transform_name='s&^&ppc-unknown-linux-&'
psdir='${docdir}'
sbindir='${exec_prefix}/sbin'
sharedstatedir='${prefix}/com'
sysconfdir='${prefix}/etc'
target='powerpc-unknown-linux-gnu'
target_alias='ppc-unknown-linux'
target_cpu='powerpc'
target_os='linux-gnu'
target_vendor='unknown'

## ----------- ##
## confdefs.h. ##
## ----------- ##

#define PACKAGE_NAME ""
#define PACKAGE_TARNAME ""
#define PACKAGE_VERSION ""
#define PACKAGE_STRING ""
#define PACKAGE_BUGREPORT ""
#define STDC_HEADERS 1
#define HAVE_SYS_TYPES_H 1
#define HAVE_SYS_STAT_H 1
#define HAVE_STDLIB_H 1
#define HAVE_STRING_H 1
#define HAVE_MEMORY_H 1
#define HAVE_STRINGS_H 1
#define HAVE_INTTYPES_H 1
#define HAVE_STDINT_H 1
#define HAVE_UNISTD_H 1
#define HAVE_DLFCN_H 1
#define STDC_HEADERS 1
#define HAVE_DIRENT_H 1
#define HAVE_SYS_TYPES_H 1
#define HAVE_SYS_TIME_H 1
#define HAVE_TERMIO_H 1
#define HAVE_UNISTD_H 1
#define HAVE_MATH_H 1
#define HAVE_LOCALE_H 1
#define TIME_WITH_SYS_TIME 1
#define HAVE_ALLOCA_H 1
#define HAVE_ALLOCA 1
#define HAVE_STDLIB_H 1
#define HAVE_UNISTD_H 1
#define HAVE_GETPAGESIZE 1
#define HAVE_VPRINTF 1
#define HAVE_TIME 1
#define HAVE_MKTIME 1
#define HAVE_LOCALTIME 1
#define HAVE_STRDUP 1
#define HAVE_STRCASECMP 1
#define HAVE_STRNCASECMP 1
#define HAVE_STRERROR 1
#define HAVE_SETLOCALE 1
#define HAVE_GETPT 1
#define _NEWGAL_ENGINE_DUMMY 1
#define _NEWGAL_ENGINE_FBCON 1
#define _NEWGAL_ENGINE_QVFB 1
#define MINIGUI_MAJOR_VERSION 1
#define MINIGUI_MINOR_VERSION 6
#define MINIGUI_MICRO_VERSION 10
#define MINIGUI_INTERFACE_AGE 0
#define MINIGUI_BINARY_AGE 0
#define __LINUX__ 1
#define __TARGET_UNKNOWN__ 1
#define _MGRM_THREADS 1
#define _HAVE_MATH_LIB 1
#define _USE_NEWGAL 1
#define _ADV_2DAPI 1
#define _FIXED_MATH 1
#define _TIMER_UNIT_10MS 1
#define _MOVE_WINDOW_BY_MOUSE 1
#define _PC3D_WINDOW_STYLE 1
#define _DOUBLE_CLICK 1
#define _DUMMY_IAL 1
#define _QVFB_IAL 1
#define _NATIVE_IAL_ENGINE 1
#define _PS2_SUPPORT 1
#define _IMPS2_SUPPORT 1
#define _MS_SUPPORT 1
#define _MS3_SUPPORT 1
#define _GPM_SUPPORT 1
#define _HAVE_TEXT_MODE 1
#define _CURSOR_SUPPORT 1
#define _CLIPBOARD_SUPPORT 1
#define _RBF_SUPPORT 1
#define _VBF_SUPPORT 1
#define _INCOREFONT_SANSSERIF 1
#define _INCOREFONT_COURIER 1
#define _LATIN9_SUPPORT 1
#define _GB_SUPPORT 1
#define _GBK_SUPPORT 1
#define _BIG5_SUPPORT 1
#define _UNICODE_SUPPORT 1
#define _SAVE_BITMAP 1
#define _GIF_FILE_SUPPORT 1
#define _MISC_MOUSECALIBRATE 1
#define _MISC_ABOUTDLG 1
#define _MISC_SAVESCREEN 1
#define _CTRL_STATIC 1
#define _CTRL_BUTTON 1
#define _CTRL_SIMEDIT 1
#define _CTRL_SLEDIT 1
#define _CTRL_LISTBOX 1
#define _CTRL_PROGRESSBAR 1
#define _CTRL_TOOLBAR 1
#define _CTRL_NEWTOOLBAR 1
#define _CTRL_MENUBUTTON 1
#define _CTRL_TRACKBAR 1
#define _CTRL_COMBOBOX 1
#define _CTRL_PROPSHEET 1
#define _CTRL_SCROLLVIEW 1
#define _CTRL_TEXTEDIT 1
#define _EXT_CTRL_MONTHCAL 1
#define _EXT_CTRL_TREEVIEW 1
#define _EXT_CTRL_SPINBOX 1
#define _EXT_CTRL_COOLBAR 1
#define _EXT_CTRL_LISTVIEW 1
#define _EXT_CTRL_ICONVIEW 1
#define _EXT_CTRL_ANIMATION 1
#define _EXT_SKIN 1
#define _LIB_VCONGUI 1

configure: exit 0
